#
# A fatal error has been detected by the Java Runtime Environment:
#
#  EXCEPTION_ACCESS_VIOLATION (0xc0000005) at pc=0x00007ffc3d9bc7c2, pid=19812, tid=0x00000000000024dc
#
# JRE version: OpenJDK Runtime Environment (8.0_275-b01) (build 1.8.0_275-b01)
# Java VM: OpenJDK 64-Bit Server VM (25.275-b01 mixed mode windows-amd64 compressed oops)
# Problematic frame:
# C  [libz3.dll+0x5c7c2]
#
# Failed to write core dump. Minidumps are not enabled by default on client versions of Windows
#
# If you would like to submit a bug report, please include
# instructions on how to reproduce the bug and visit:
#   http://bugreport.java.com/bugreport/crash.jsp
# The crash happened outside the Java Virtual Machine in native code.
# See problematic frame for where to report the bug.
#

---------------  T H R E A D  ---------------

Current thread (0x0000000024121000):  JavaThread "Thread-3" [_thread_in_native, id=9436, stack(0x0000000025f10000,0x0000000026010000)]

siginfo: ExceptionCode=0xc0000005, reading address 0x0000000000000004

Registers:
RAX=0x0000000000000000, RBX=0x000000000101dd48, RCX=0x000000002780ae10, RDX=0x0000000000000000
RSP=0x000000002600e4e0, RBP=0x000000002600e980, RSI=0x0000000000000000, RDI=0x0000000000000000
R8 =0x0000000000000001, R9 =0x0000000000000000, R10=0x0000000021ed2098, R11=0x0000000000000000
R12=0x0000000000000000, R13=0x0000000000000000, R14=0x0000000000000000, R15=0x0000000000000000
RIP=0x00007ffc3d9bc7c2, EFLAGS=0x0000000000010297

Top of Stack: (sp=0x000000002600e4e0)
0x000000002600e4e0:   00004fcad37ef80d 000000000101aa48
0x000000002600e4f0:   000000000101aa48 0000000021ed2098
0x000000002600e500:   000000000104e818 00007ffc3e311967
0x000000002600e510:   000000002600e570 000000001c987690
0x000000002600e520:   000000000101dd48 000000001c97e778
0x000000002600e530:   fffffffffffffffe 000000002600e568
0x000000002600e540:   000000002600e5b8 00000000030f809d
0x000000002600e550:   0000010000000000 0000000021ed2098
0x000000002600e560:   000000002780ae10 0000000000000000
0x000000002600e570:   0000000000000000 000000000000000e
0x000000002600e580:   0000000024c32a10 0000000000000001
0x000000002600e590:   0000000000000000 0000000000000000
0x000000002600e5a0:   0000000000000000 0000000000000000
0x000000002600e5b0:   000000002600e5d0 0000000002b90000
0x000000002600e5c0:   0000000002b902a4 000000076d00aff8
0x000000002600e5d0:   0000000000000000 0000000000000000 

Instructions: (pc=0x00007ffc3d9bc7c2)
0x00007ffc3d9bc7a2:   86 3d 08 48 ec 00 33 c0 e9 c5 08 00 00 89 44 24
0x00007ffc3d9bc7b2:   70 41 3b c0 0f 83 75 02 00 00 8b c0 4c 8b 34 c1
0x00007ffc3d9bc7c2:   41 0f b7 46 04 85 c0 0f 84 87 00 00 00 45 33 c0
0x00007ffc3d9bc7d2:   41 8d 50 03 49 8b ca e8 52 d1 fc ff 40 84 ff 74 


Register to memory mapping:

RAX=0x0000000000000000 is an unknown value
RBX=0x000000000101dd48 is an unknown value
RCX=0x000000002780ae10 is an unknown value
RDX=0x0000000000000000 is an unknown value
RSP=0x000000002600e4e0 is pointing into the stack for thread: 0x0000000024121000
RBP=0x000000002600e980 is pointing into the stack for thread: 0x0000000024121000
RSI=0x0000000000000000 is an unknown value
RDI=0x0000000000000000 is an unknown value
R8 =0x0000000000000001 is an unknown value
R9 =0x0000000000000000 is an unknown value
R10=0x0000000021ed2098 is an unknown value
R11=0x0000000000000000 is an unknown value
R12=0x0000000000000000 is an unknown value
R13=0x0000000000000000 is an unknown value
R14=0x0000000000000000 is an unknown value
R15=0x0000000000000000 is an unknown value


Stack: [0x0000000025f10000,0x0000000026010000],  sp=0x000000002600e4e0,  free space=1017k
Native frames: (J=compiled Java code, j=interpreted, Vv=VM code, C=native code)
C  [libz3.dll+0x5c7c2]
C  [libz3.dll+0x5c547]
C  [libz3java.dll+0x622e]
C  0x0000000003108a07

Java frames: (J=compiled Java code, j=interpreted, Vv=VM code)
j  com.microsoft.z3.Native.INTERNALmkQuantifierConst(JZII[JI[JJ)J+0
j  com.microsoft.z3.Native.mkQuantifierConst(JZII[JI[JJ)J+13
j  com.microsoft.z3.Quantifier.of(Lcom/microsoft/z3/Context;Z[Lcom/microsoft/z3/Expr;Lcom/microsoft/z3/Expr;I[Lcom/microsoft/z3/Pattern;[Lcom/microsoft/z3/Expr;Lcom/microsoft/z3/Symbol;Lcom/microsoft/z3/Symbol;)Lcom/microsoft/z3/Quantifier;+61
j  com.microsoft.z3.Context.mkForall([Lcom/microsoft/z3/Expr;Lcom/microsoft/z3/Expr;I[Lcom/microsoft/z3/Pattern;[Lcom/microsoft/z3/Expr;Lcom/microsoft/z3/Symbol;Lcom/microsoft/z3/Symbol;)Lcom/microsoft/z3/Quantifier;+13
j  smt.SMTVisitor.visit(Last/expr/fol/ForAllExprAST;)Lcom/microsoft/z3/Expr;+84
j  smt.SMTVisitor.visit(Last/expr/fol/ForAllExprAST;)Ljava/lang/Object;+2
j  ast.expr.fol.ForAllExprAST.accept(Lvisitor/ifaces/VisitorIface;)Ljava/lang/Object;+12
j  smt.AlkSMTContext.process(Lsymbolic/SymbolicValue;)Z+60
j  util.pc.PathCondition.add(Lsymbolic/SymbolicValue;)Z+16
j  execution.state.symbolic.SymbolicIntervalState.getFinalResult()Lutil/types/Storable;+745
j  execution.state.GeneratorState.makeStep()Lexecution/state/ExecutionState;+29
j  execution.state.GeneratorState.makeStep()Lstate/State;+1
j  ast.ASTStack.makeStep()Lstate/Result;+14
j  ast.ASTStack.run()Lstate/Result;+13
j  execution.Execution.execute()V+214
j  execution.Execution.run()V+16
v  ~StubRoutines::call_stub

---------------  P R O C E S S  ---------------

Java Threads: ( => current thread )
=>0x0000000024121000 JavaThread "Thread-3" [_thread_in_native, id=9436, stack(0x0000000025f10000,0x0000000026010000)]
  0x0000000002ff3800 JavaThread "DestroyJavaVM" [_thread_blocked, id=9612, stack(0x0000000002cb0000,0x0000000002db0000)]
  0x000000002190f800 JavaThread "Thread-0" [_thread_blocked, id=15280, stack(0x0000000021dd0000,0x0000000021ed0000)]
  0x000000001ebaa000 JavaThread "Service Thread" daemon [_thread_blocked, id=19520, stack(0x00000000213d0000,0x00000000214d0000)]
  0x000000001eafd000 JavaThread "C1 CompilerThread11" daemon [_thread_blocked, id=9608, stack(0x00000000212d0000,0x00000000213d0000)]
  0x000000001eafc800 JavaThread "C1 CompilerThread10" daemon [_thread_blocked, id=11936, stack(0x00000000211d0000,0x00000000212d0000)]
  0x000000001eaf9800 JavaThread "C1 CompilerThread9" daemon [_thread_blocked, id=15820, stack(0x00000000210d0000,0x00000000211d0000)]
  0x000000001eafb800 JavaThread "C1 CompilerThread8" daemon [_thread_blocked, id=18960, stack(0x0000000020ed0000,0x0000000020fd0000)]
  0x000000001eafe000 JavaThread "C2 CompilerThread7" daemon [_thread_blocked, id=5460, stack(0x0000000020dd0000,0x0000000020ed0000)]
  0x000000001eafb000 JavaThread "C2 CompilerThread6" daemon [_thread_blocked, id=1596, stack(0x0000000020cd0000,0x0000000020dd0000)]
  0x000000001eaf4000 JavaThread "C2 CompilerThread5" daemon [_thread_in_native, id=1528, stack(0x0000000020bd0000,0x0000000020cd0000)]
  0x000000001eac7800 JavaThread "C2 CompilerThread4" daemon [_thread_blocked, id=19024, stack(0x0000000020ad0000,0x0000000020bd0000)]
  0x000000001eac4800 JavaThread "C2 CompilerThread3" daemon [_thread_blocked, id=7316, stack(0x00000000209d0000,0x0000000020ad0000)]
  0x000000001eabc000 JavaThread "C2 CompilerThread2" daemon [_thread_in_native, id=9636, stack(0x00000000208d0000,0x00000000209d0000)]
  0x000000001eab7800 JavaThread "C2 CompilerThread1" daemon [_thread_blocked, id=18776, stack(0x00000000207d0000,0x00000000208d0000)]
  0x000000001eab6800 JavaThread "C2 CompilerThread0" daemon [_thread_in_native, id=19228, stack(0x00000000206d0000,0x00000000207d0000)]
  0x000000001eab4800 JavaThread "Monitor Ctrl-Break" daemon [_thread_in_native, id=11856, stack(0x00000000205d0000,0x00000000206d0000)]
  0x000000001e974000 JavaThread "Attach Listener" daemon [_thread_blocked, id=20196, stack(0x00000000204d0000,0x00000000205d0000)]
  0x000000001e971000 JavaThread "Signal Dispatcher" daemon [_thread_blocked, id=8552, stack(0x00000000203d0000,0x00000000204d0000)]
  0x000000001ceb6000 JavaThread "Finalizer" daemon [_thread_blocked, id=17352, stack(0x00000000201d0000,0x00000000202d0000)]
  0x000000001e956000 JavaThread "Reference Handler" daemon [_thread_blocked, id=20460, stack(0x00000000200d0000,0x00000000201d0000)]

Other Threads:
  0x000000001cea4800 VMThread [stack: 0x000000001ffd0000,0x00000000200d0000] [id=5808]
  0x000000001ebac800 WatcherThread [stack: 0x00000000214d0000,0x00000000215d0000] [id=14976]

VM state:not at safepoint (normal execution)

VM Mutex/Monitor currently owned by a thread: None

heap address: 0x00000006c4000000, size: 4032 MB, Compressed Oops mode: Zero based, Oop shift amount: 3
Narrow klass base: 0x0000000000000000, Narrow klass shift: 3
Compressed class space size: 1073741824 Address: 0x00000007c0000000

Heap:
 PSYoungGen      total 75264K, used 20585K [0x000000076c000000, 0x0000000771400000, 0x00000007c0000000)
  eden space 64512K, 25% used [0x000000076c000000,0x000000076d01abb0,0x000000076ff00000)
  from space 10752K, 38% used [0x000000076ff00000,0x00000007702ff8f0,0x0000000770980000)
  to   space 10752K, 0% used [0x0000000770980000,0x0000000770980000,0x0000000771400000)
 ParOldGen       total 172032K, used 8K [0x00000006c4000000, 0x00000006ce800000, 0x000000076c000000)
  object space 172032K, 0% used [0x00000006c4000000,0x00000006c4002000,0x00000006ce800000)
 Metaspace       used 8684K, capacity 8858K, committed 8960K, reserved 1056768K
  class space    used 1176K, capacity 1249K, committed 1280K, reserved 1048576K

Card table byte_map: [0x00000000124b0000,0x0000000012ca0000] byte_map_base: 0x000000000ee90000

Marking Bits: (ParMarkBitMap*) 0x000000005e89a830
 Begin Bits: [0x0000000013ee0000, 0x0000000017de0000)
 End Bits:   [0x0000000017de0000, 0x000000001bce0000)

Polling page: 0x00000000013c0000

CodeCache: size=245760Kb used=5755Kb max_used=5767Kb free=240004Kb
 bounds [0x00000000030f0000, 0x00000000036a0000, 0x00000000120f0000]
 total_blobs=1474 nmethods=1094 adapters=290
 compilation: enabled

Compilation events (10 events):
Event: 0.491 Thread 0x000000001eafd000 nmethod 1088 0x0000000003676090 code [0x0000000003676420, 0x00000000036783f8]
Event: 0.492 Thread 0x000000001eafb800 1092       3       java.util.zip.ZipEntry::setExtra0 (360 bytes)
Event: 0.492 Thread 0x000000001eaf9800 1093       3       java.util.Objects::requireNonNull (15 bytes)
Event: 0.492 Thread 0x000000001eaf9800 nmethod 1093 0x0000000003675890 code [0x0000000003675a00, 0x0000000003675c28]
Event: 0.492 Thread 0x000000001eafb800 nmethod 1092 0x000000000368de90 code [0x000000000368e140, 0x000000000368ee68]
Event: 0.492 Thread 0x000000001eafc800 1094       3       com.microsoft.z3.Z3Object::getNativeObject (5 bytes)
Event: 0.492 Thread 0x000000001eafc800 nmethod 1094 0x0000000003675550 code [0x00000000036756a0, 0x00000000036757f0]
Event: 0.493 Thread 0x000000001eafe000 1097       4       java.util.HashMap::containsKey (18 bytes)
Event: 0.493 Thread 0x000000001eafd000 1096       3       java.util.HashMap::tableSizeFor (59 bytes)
Event: 0.493 Thread 0x000000001eaf9800 1095       3       ast.expr.SymIDAST::getId (13 bytes)

GC Heap History (2 events):
Event: 0.368 GC heap before
{Heap before GC invocations=1 (full 0):
 PSYoungGen      total 75264K, used 64512K [0x000000076c000000, 0x0000000771400000, 0x00000007c0000000)
  eden space 64512K, 100% used [0x000000076c000000,0x000000076ff00000,0x000000076ff00000)
  from space 10752K, 0% used [0x0000000770980000,0x0000000770980000,0x0000000771400000)
  to   space 10752K, 0% used [0x000000076ff00000,0x000000076ff00000,0x0000000770980000)
 ParOldGen       total 172032K, used 0K [0x00000006c4000000, 0x00000006ce800000, 0x000000076c000000)
  object space 172032K, 0% used [0x00000006c4000000,0x00000006c4000000,0x00000006ce800000)
 Metaspace       used 6735K, capacity 7264K, committed 7424K, reserved 1056768K
  class space    used 892K, capacity 912K, committed 1024K, reserved 1048576K
Event: 0.372 GC heap after
Heap after GC invocations=1 (full 0):
 PSYoungGen      total 75264K, used 4094K [0x000000076c000000, 0x0000000771400000, 0x00000007c0000000)
  eden space 64512K, 0% used [0x000000076c000000,0x000000076c000000,0x000000076ff00000)
  from space 10752K, 38% used [0x000000076ff00000,0x00000007702ff8f0,0x0000000770980000)
  to   space 10752K, 0% used [0x0000000770980000,0x0000000770980000,0x0000000771400000)
 ParOldGen       total 172032K, used 8K [0x00000006c4000000, 0x00000006ce800000, 0x000000076c000000)
  object space 172032K, 0% used [0x00000006c4000000,0x00000006c4002000,0x00000006ce800000)
 Metaspace       used 6735K, capacity 7264K, committed 7424K, reserved 1056768K
  class space    used 892K, capacity 912K, committed 1024K, reserved 1048576K
}

Deoptimization events (10 events):
Event: 0.354 Thread 0x000000002190f800 Uncommon trap: reason=bimorphic action=maybe_recompile pc=0x000000000358bc8c method=org.antlr.v4.runtime.atn.PredictionMode$AltAndContextConfigEqualityComparator.equals(Lorg/antlr/v4/runtime/atn/ATNConfig;Lorg/antlr/v4/runtime/atn/ATNConfig;)Z @ 42
Event: 0.376 Thread 0x000000002190f800 Uncommon trap: reason=class_check action=maybe_recompile pc=0x0000000003523a6c method=java.util.HashMap.putVal(ILjava/lang/Object;Ljava/lang/Object;ZZ)Ljava/lang/Object; @ 91
Event: 0.378 Thread 0x000000002190f800 Uncommon trap: reason=unstable_if action=reinterpret pc=0x000000000355b2f8 method=java.util.HashMap.getNode(ILjava/lang/Object;)Ljava/util/HashMap$Node; @ 129
Event: 0.378 Thread 0x000000002190f800 Uncommon trap: reason=class_check action=maybe_recompile pc=0x0000000003523a6c method=java.util.HashMap.putVal(ILjava/lang/Object;Ljava/lang/Object;ZZ)Ljava/lang/Object; @ 91
Event: 0.389 Thread 0x000000002190f800 Uncommon trap: reason=unstable_if action=reinterpret pc=0x00000000035350c8 method=org.antlr.v4.runtime.atn.PredictionContext.merge(Lorg/antlr/v4/runtime/atn/PredictionContext;Lorg/antlr/v4/runtime/atn/PredictionContext;ZLorg/antlr/v4/runtime/misc/DoubleKe
Event: 0.406 Thread 0x000000002190f800 Uncommon trap: reason=unstable_if action=reinterpret pc=0x00000000035d1128 method=java.util.HashMap.putVal(ILjava/lang/Object;Ljava/lang/Object;ZZ)Ljava/lang/Object; @ 81
Event: 0.409 Thread 0x000000002190f800 Uncommon trap: reason=unstable_if action=reinterpret pc=0x000000000344bfb4 method=java.lang.String.lastIndexOf([CII[CIII)I @ 66
Event: 0.413 Thread 0x000000002190f800 Uncommon trap: reason=unstable_if action=reinterpret pc=0x0000000003422440 method=java.lang.String.indexOf([CII[CIII)I @ 123
Event: 0.417 Thread 0x000000002190f800 Uncommon trap: reason=unstable_if action=reinterpret pc=0x00000000035332cc method=java.util.Arrays.equals([Ljava/lang/Object;[Ljava/lang/Object;)Z @ 2
Event: 0.434 Thread 0x000000002190f800 Uncommon trap: reason=unstable_if action=reinterpret pc=0x0000000003527b94 method=java.util.HashMap.resize()[Ljava/util/HashMap$Node; @ 68

Classes redefined (0 events):
No events

Internal exceptions (5 events):
Event: 0.019 Thread 0x0000000002ff3800 Exception <a 'java/lang/NoSuchMethodError': Method sun.misc.Unsafe.defineClass(Ljava/lang/String;[BII)Ljava/lang/Class; name or signature does not match> (0x000000076c008288) thrown at [C:\wsjdk\Corretto8Src\installers\windows\zip\corretto-build\buildRoot
Event: 0.019 Thread 0x0000000002ff3800 Exception <a 'java/lang/NoSuchMethodError': Method sun.misc.Unsafe.prefetchRead(Ljava/lang/Object;J)V name or signature does not match> (0x000000076c008570) thrown at [C:\wsjdk\Corretto8Src\installers\windows\zip\corretto-build\buildRoot\src\hotspot\src\s
Event: 0.169 Thread 0x000000002190f800 Implicit null exception at 0x00000000033ad6d5 to 0x00000000033ad8bd
Event: 0.429 Thread 0x000000002190f800 Exception <a 'java/lang/NoSuchFieldError': method resolution failed> (0x000000076cc3ab40) thrown at [C:\wsjdk\Corretto8Src\installers\windows\zip\corretto-build\buildRoot\src\hotspot\src\share\vm\prims\methodHandles.cpp, line 1169]
Event: 0.430 Thread 0x000000002190f800 Exception <a 'java/lang/NoSuchFieldError': method resolution failed> (0x000000076cc485b0) thrown at [C:\wsjdk\Corretto8Src\installers\windows\zip\corretto-build\buildRoot\src\hotspot\src\share\vm\prims\methodHandles.cpp, line 1169]

Events (10 events):
Event: 0.489 loading class com/microsoft/z3/enumerations/Z3_lbool$Z3_lbool_MappingHolder
Event: 0.489 loading class com/microsoft/z3/enumerations/Z3_lbool$Z3_lbool_MappingHolder done
Event: 0.489 loading class com/microsoft/z3/Solver$1
Event: 0.489 loading class com/microsoft/z3/Solver$1 done
Event: 0.490 loading class com/microsoft/z3/Status
Event: 0.490 loading class com/microsoft/z3/Status done
Event: 0.492 loading class smt/EqualOperatorSolver
Event: 0.492 loading class smt/EqualOperatorSolver done
Event: 0.493 loading class ast/expr/FactorPointMethodAST$1
Event: 0.493 loading class ast/expr/FactorPointMethodAST$1 done


Dynamic libraries:
0x00007ff69b650000 - 0x00007ff69b685000 	C:\Users\Alex\.jdks\corretto-1.8.0_275\bin\java.exe
0x00007ffcbd9f0000 - 0x00007ffcbdbe5000 	C:\Windows\SYSTEM32\ntdll.dll
0x00007ffcbc100000 - 0x00007ffcbc1be000 	C:\Windows\System32\KERNEL32.DLL
0x00007ffcbb550000 - 0x00007ffcbb818000 	C:\Windows\System32\KERNELBASE.dll
0x00007ffcbba30000 - 0x00007ffcbbade000 	C:\Windows\System32\ADVAPI32.dll
0x00007ffcbbae0000 - 0x00007ffcbbb7e000 	C:\Windows\System32\msvcrt.dll
0x00007ffcbbeb0000 - 0x00007ffcbbf4c000 	C:\Windows\System32\sechost.dll
0x00007ffcbd880000 - 0x00007ffcbd9a5000 	C:\Windows\System32\RPCRT4.dll
0x00007ffcbbf50000 - 0x00007ffcbc0f1000 	C:\Windows\System32\USER32.dll
0x00007ffcbb8c0000 - 0x00007ffcbb8e2000 	C:\Windows\System32\win32u.dll
0x00007ffcbc730000 - 0x00007ffcbc75b000 	C:\Windows\System32\GDI32.dll
0x00007ffcbb8f0000 - 0x00007ffcbb9fd000 	C:\Windows\System32\gdi32full.dll
0x00007ffcbb820000 - 0x00007ffcbb8bd000 	C:\Windows\System32\msvcp_win.dll
0x00007ffcbb370000 - 0x00007ffcbb470000 	C:\Windows\System32\ucrtbase.dll
0x00007ffca2c30000 - 0x00007ffca2eca000 	C:\Windows\WinSxS\amd64_microsoft.windows.common-controls_6595b64144ccf1df_6.0.19041.1110_none_60b5254171f9507e\COMCTL32.dll
0x00007ffcbbb80000 - 0x00007ffcbbbb0000 	C:\Windows\System32\IMM32.DLL
0x000000005e920000 - 0x000000005e9f2000 	C:\Users\Alex\.jdks\corretto-1.8.0_275\jre\bin\msvcr100.dll
0x000000005e060000 - 0x000000005e91c000 	C:\Users\Alex\.jdks\corretto-1.8.0_275\jre\bin\server\jvm.dll
0x00007ffcbbc60000 - 0x00007ffcbbc68000 	C:\Windows\System32\PSAPI.DLL
0x00007ffcade90000 - 0x00007ffcadeb7000 	C:\Windows\SYSTEM32\WINMM.dll
0x00007ffcb0650000 - 0x00007ffcb065a000 	C:\Windows\SYSTEM32\VERSION.dll
0x00007ffc9fb30000 - 0x00007ffc9fb39000 	C:\Windows\SYSTEM32\WSOCK32.dll
0x00007ffcbc770000 - 0x00007ffcbc7db000 	C:\Windows\System32\WS2_32.dll
0x00007ffcb6880000 - 0x00007ffcb688f000 	C:\Users\Alex\.jdks\corretto-1.8.0_275\jre\bin\verify.dll
0x00007ffcb67d0000 - 0x00007ffcb67f9000 	C:\Users\Alex\.jdks\corretto-1.8.0_275\jre\bin\java.dll
0x00007ffcb39c0000 - 0x00007ffcb39e3000 	C:\Users\Alex\.jdks\corretto-1.8.0_275\jre\bin\instrument.dll
0x00007ffcb67b0000 - 0x00007ffcb67c6000 	C:\Users\Alex\.jdks\corretto-1.8.0_275\jre\bin\zip.dll
0x00007ffcbcdc0000 - 0x00007ffcbd504000 	C:\Windows\System32\SHELL32.dll
0x00007ffcb8ec0000 - 0x00007ffcb9655000 	C:\Windows\SYSTEM32\windows.storage.dll
0x00007ffcbc7e0000 - 0x00007ffcbcb35000 	C:\Windows\System32\combase.dll
0x00007ffcba9a0000 - 0x00007ffcba9ce000 	C:\Windows\SYSTEM32\Wldp.dll
0x00007ffcbd7d0000 - 0x00007ffcbd87d000 	C:\Windows\System32\SHCORE.dll
0x00007ffcbd6c0000 - 0x00007ffcbd715000 	C:\Windows\System32\shlwapi.dll
0x00007ffcbb040000 - 0x00007ffcbb05f000 	C:\Windows\SYSTEM32\profapi.dll
0x00007ffcb39a0000 - 0x00007ffcb39ba000 	C:\Users\Alex\AppData\Local\JetBrains\Toolbox\apps\IDEA-C\ch-0\203.5981.155\bin\breakgen64.dll
0x00007ffcb3980000 - 0x00007ffcb399b000 	C:\Users\Alex\.jdks\corretto-1.8.0_275\jre\bin\net.dll
0x00007ffcba780000 - 0x00007ffcba7ea000 	C:\Windows\system32\mswsock.dll
0x00007ffca3220000 - 0x00007ffca323d000 	G:\IdeaProjects\java-semantics\bin\libz3java.dll
0x00007ffca2090000 - 0x00007ffca20a9000 	C:\Windows\SYSTEM32\VCRUNTIME140.dll
0x00007ffc3d960000 - 0x00007ffc3e8f5000 	G:\IdeaProjects\java-semantics\bin\libz3.dll
0x00007ffca1fe0000 - 0x00007ffca2072000 	C:\Windows\SYSTEM32\MSVCP140.dll
0x00007ffca2080000 - 0x00007ffca208c000 	C:\Windows\SYSTEM32\VCRUNTIME140_1.dll
0x00007ffcb1350000 - 0x00007ffcb1362000 	C:\Users\Alex\.jdks\corretto-1.8.0_275\jre\bin\nio.dll
0x00007ffcb9730000 - 0x00007ffcb9914000 	C:\Windows\SYSTEM32\dbghelp.dll
0x00007ffcbb470000 - 0x00007ffcbb4f2000 	C:\Windows\System32\bcryptPrimitives.dll

VM Arguments:
jvm_args: -javaagent:C:\Users\Alex\AppData\Local\JetBrains\Toolbox\apps\IDEA-C\ch-0\203.5981.155\lib\idea_rt.jar=58275:C:\Users\Alex\AppData\Local\JetBrains\Toolbox\apps\IDEA-C\ch-0\203.5981.155\bin -Dfile.encoding=UTF-8 
java_command: main.ExecutionDriver -a G:\IdeaProjects\java-semantics\input\test2.alk -t -m -s
java_class_path (initial): C:\Users\Alex\.jdks\corretto-1.8.0_275\jre\lib\charsets.jar;C:\Users\Alex\.jdks\corretto-1.8.0_275\jre\lib\ext\access-bridge-64.jar;C:\Users\Alex\.jdks\corretto-1.8.0_275\jre\lib\ext\cldrdata.jar;C:\Users\Alex\.jdks\corretto-1.8.0_275\jre\lib\ext\dnsns.jar;C:\Users\Alex\.jdks\corretto-1.8.0_275\jre\lib\ext\jaccess.jar;C:\Users\Alex\.jdks\corretto-1.8.0_275\jre\lib\ext\jfxrt.jar;C:\Users\Alex\.jdks\corretto-1.8.0_275\jre\lib\ext\localedata.jar;C:\Users\Alex\.jdks\corretto-1.8.0_275\jre\lib\ext\nashorn.jar;C:\Users\Alex\.jdks\corretto-1.8.0_275\jre\lib\ext\sunec.jar;C:\Users\Alex\.jdks\corretto-1.8.0_275\jre\lib\ext\sunjce_provider.jar;C:\Users\Alex\.jdks\corretto-1.8.0_275\jre\lib\ext\sunmscapi.jar;C:\Users\Alex\.jdks\corretto-1.8.0_275\jre\lib\ext\sunpkcs11.jar;C:\Users\Alex\.jdks\corretto-1.8.0_275\jre\lib\ext\zipfs.jar;C:\Users\Alex\.jdks\corretto-1.8.0_275\jre\lib\jce.jar;C:\Users\Alex\.jdks\corretto-1.8.0_275\jre\lib\jfr.jar;C:\Users\Alex\.jdks\corretto-1.8.0_275\jre\lib\jfxswt.jar;C:\Users\Alex\.jdks\corretto-1.8.0_275\jre\lib\jsse.jar;C:\Users\Alex\.jdks\corretto-1.8.0_275\jre\lib\management-agent.jar;C:\Users\Alex\.jdks\corretto-1.8.0_275\jre\lib\resources.jar;C:\Users\Alex\.jdks\corretto-1.8.0_275\jre\lib\rt.jar;G:\IdeaProjects\java-semantics\target\classes;G:\IdeaProjects\java-semantics\lib\com.microsoft.z3.jar;C:\Users\Alex\.m2\repository\org\antlr\antlr4\4.7.1\antlr4-4.7.1.jar;C:\Users\Alex\.m2\repository\org\antlr\antlr4-runtime\4.7.1\antlr4-runtime-4.7.1.jar;C:\Users\Alex\.m2\repository\org\antlr\antlr-runtime\3.5.2\antlr-runtime-3.5.2.jar;C:\Users\Alex\.m2\repository\org\antlr\ST4\4.0.8\ST4-4.0.8.jar;C:\Users\Alex\.m2\repository\org\abego\treelayout\org.abego.treelayout.core\1.0.3\org.abego.treelayout.core-1.0.3.jar;C:\Users\Alex\.m2\repository\org\glassfish\javax.json\1.0.4\javax.json-1.0.4.jar;C:\Users\Alex\.m2\repository\com\ibm\icu\icu4j\58.2\icu4j-58.2.jar;C:\Users\Alex\.m2\repository\ch\obermuhlner\big-math\2.0.1\big-
Launcher Type: SUN_STANDARD

Environment Variables:
JAVA_HOME=C:\Program Files\Java\jdk1.8.0_271
CLASSPATH=G:\bin\rv-monitor\lib\rv-monitor-rt.jar;C:\aspectj1.8\lib\aspectjrt.jar;C:\aspectj1.8\lib\aspectjtools.jar;C:\aspectj1.8\lib\aspectjweaver.jar;C:\aspectj1.8\lib\org.aspectj.matcher.jar;G:\bin\javamop\lib\javamop-4.0-SNAPSHOT.jar;G:\bin\javamop\lib\jcommander-1.35.jar;G:\bin\javamop\lib\commons-lang3-3.0.jar;G:\bin\javamop\lib\commons-io-2.4.jar;
PATH=C:\Windows\system32;C:\Windows;C:\Windows\System32\Wbem;C:\Windows\System32\WindowsPowerShell\v1.0\;C:\Windows\System32\OpenSSH\;C:\Program Files\NVIDIA Corporation\NVIDIA NvDLISR;C:\Program Files (x86)\NVIDIA Corporation\PhysX\Common;C:\Program Files\dotnet\;C:\Program Files\Git\cmd;C:\Program Files (x86)\mingw32\bin;G:\utils\bin;C:\Program Files\nodejs\;G:\apache-maven\bin;C:\Program Files\Java\jdk1.8.0_271\bin;G:\IdeaProjects\java-semantics\bin;C:\MinGW\bin;C:\Python3;C:\Program Files\Kubernetes\Minikube;C:\Program Files\Microsoft VS Code\bin;C:\Program Files\PuTTY\;G:\bin\rv-monitor\bin;G:\bin\javamop\bin;C:\aspectj1.8\bin;C:\Program Files\Docker\Docker\resources\bin;C:\ProgramData\DockerDesktop\version-bin;G:\utils\dafny;C:\Python3\;C:\Python3\Scripts;E:\utils\Microsoft VS Code\bin;C:\Users\Alex\.dotnet\tools;C:\Users\Alex\go\bin;C:\Users\Alex\AppData\Roaming\npm;C:\Users\Alex\AppData\Local\GitHubDesktop\bin;;C:\Users\Alex\AppData\Local\Programs\Microsoft VS Code\bin;G:\VSCODE\bin;C:\Program Files\JetBrains\IntelliJ IDEA Community Edition 2020.1.4\bin;
USERNAME=Alex
OS=Windows_NT
PROCESSOR_IDENTIFIER=Intel64 Family 6 Model 165 Stepping 5, GenuineIntel



---------------  S Y S T E M  ---------------

OS: Windows 10.0 , 64 bit Build 19041 (10.0.19041.1466)

CPU:total 16 (initial active 16) (8 cores per cpu, 2 threads per core) family 6 model 165 stepping 5, cmov, cx8, fxsr, mmx, sse, sse2, sse3, ssse3, sse4.1, sse4.2, popcnt, avx, avx2, aes, clmul, erms, 3dnowpref, lzcnt, ht, tsc, tscinvbit, bmi1, bmi2, adx

Memory: 4k page, physical 16509896k(8626540k free), swap 29617096k(17222884k free)

vm_info: OpenJDK 64-Bit Server VM (25.275-b01) for windows-amd64 JRE (1.8.0_275-b01), built on Nov  5 2020 05:17:06 by "Administrator" with MS VC++ 10.0 (VS2010)

time: Tue Jan 25 20:07:29 2022
timezone: GTB Standard Time
elapsed time: 0.506865 seconds (0d 0h 0m 0s)

