#
# A fatal error has been detected by the Java Runtime Environment:
#
#  EXCEPTION_ACCESS_VIOLATION (0xc0000005) at pc=0x00007ffc67e5c7c2, pid=11644, tid=0x00000000000031e4
#
# JRE version: OpenJDK Runtime Environment (8.0_275-b01) (build 1.8.0_275-b01)
# Java VM: OpenJDK 64-Bit Server VM (25.275-b01 mixed mode windows-amd64 compressed oops)
# Problematic frame:
# C  [libz3.dll+0x5c7c2]
#
# Failed to write core dump. Minidumps are not enabled by default on client versions of Windows
#
# If you would like to submit a bug report, please include
# instructions on how to reproduce the bug and visit:
#   http://bugreport.java.com/bugreport/crash.jsp
# The crash happened outside the Java Virtual Machine in native code.
# See problematic frame for where to report the bug.
#

---------------  T H R E A D  ---------------

Current thread (0x0000000021ea7000):  JavaThread "Thread-3" [_thread_in_native, id=12772, stack(0x000000002a7e0000,0x000000002a8e0000)]

siginfo: ExceptionCode=0xc0000005, reading address 0x0000000000000004

Registers:
RAX=0x0000000000000000, RBX=0x00000000006345c8, RCX=0x00000000227ace60, RDX=0x0000000000000000
RSP=0x000000002a8dea50, RBP=0x000000002a8deef0, RSI=0x0000000000000000, RDI=0x0000000000000000
R8 =0x0000000000000001, R9 =0x0000000000000000, R10=0x00000000006634e8, R11=0x0000000000000000
R12=0x0000000000000000, R13=0x0000000000000000, R14=0x0000000000000000, R15=0x0000000000000000
RIP=0x00007ffc67e5c7c2, EFLAGS=0x0000000000010297

Top of Stack: (sp=0x000000002a8dea50)
0x000000002a8dea50:   0000000000000000 0000000021ea7000
0x000000002a8dea60:   00000000f8002305 000000005de84a15
0x000000002a8dea70:   0000000021ea7000 000000005de69176
0x000000002a8dea80:   0000000023085c50 0000000000000019
0x000000002a8dea90:   0000000000000000 000000005de69b89
0x000000002a8deaa0:   0000000023085c50 000000005dd48c6f
0x000000002a8deab0:   0000000021ea7000 000000005de84a15
0x000000002a8deac0:   0000010000000000 00000000006634e8
0x000000002a8dead0:   00000000227ace60 0000000000000000
0x000000002a8deae0:   0000000000000000 000000000000005e
0x000000002a8deaf0:   0000000021829b70 0000000000000001
0x000000002a8deb00:   0000000000000000 0000000000000000
0x000000002a8deb10:   0000000000000000 0000000000000000
0x000000002a8deb20:   0000000000000000 0000000000a50000
0x000000002a8deb30:   0000000000a502a4 0000000024706ad0
0x000000002a8deb40:   0000000000000000 0000000000000000 

Instructions: (pc=0x00007ffc67e5c7c2)
0x00007ffc67e5c7a2:   86 3d 08 48 ec 00 33 c0 e9 c5 08 00 00 89 44 24
0x00007ffc67e5c7b2:   70 41 3b c0 0f 83 75 02 00 00 8b c0 4c 8b 34 c1
0x00007ffc67e5c7c2:   41 0f b7 46 04 85 c0 0f 84 87 00 00 00 45 33 c0
0x00007ffc67e5c7d2:   41 8d 50 03 49 8b ca e8 52 d1 fc ff 40 84 ff 74 


Register to memory mapping:

RAX=0x0000000000000000 is an unknown value
RBX=0x00000000006345c8 is an unknown value
RCX=0x00000000227ace60 is an unknown value
RDX=0x0000000000000000 is an unknown value
RSP=0x000000002a8dea50 is pointing into the stack for thread: 0x0000000021ea7000
RBP=0x000000002a8deef0 is pointing into the stack for thread: 0x0000000021ea7000
RSI=0x0000000000000000 is an unknown value
RDI=0x0000000000000000 is an unknown value
R8 =0x0000000000000001 is an unknown value
R9 =0x0000000000000000 is an unknown value
R10=0x00000000006634e8 is an unknown value
R11=0x0000000000000000 is an unknown value
R12=0x0000000000000000 is an unknown value
R13=0x0000000000000000 is an unknown value
R14=0x0000000000000000 is an unknown value
R15=0x0000000000000000 is an unknown value


Stack: [0x000000002a7e0000,0x000000002a8e0000],  sp=0x000000002a8dea50,  free space=1018k
Native frames: (J=compiled Java code, j=interpreted, Vv=VM code, C=native code)
C  [libz3.dll+0x5c7c2]
C  [libz3.dll+0x5c547]
C  [libz3java.dll+0x622e]
C  0x0000000002721b30

Java frames: (J=compiled Java code, j=interpreted, Vv=VM code)
j  com.microsoft.z3.Native.INTERNALmkQuantifierConst(JZII[JI[JJ)J+0
j  com.microsoft.z3.Native.mkQuantifierConst(JZII[JI[JJ)J+13
j  com.microsoft.z3.Quantifier.of(Lcom/microsoft/z3/Context;Z[Lcom/microsoft/z3/Expr;Lcom/microsoft/z3/Expr;I[Lcom/microsoft/z3/Pattern;[Lcom/microsoft/z3/Expr;Lcom/microsoft/z3/Symbol;Lcom/microsoft/z3/Symbol;)Lcom/microsoft/z3/Quantifier;+61
j  com.microsoft.z3.Context.mkForall([Lcom/microsoft/z3/Expr;Lcom/microsoft/z3/Expr;I[Lcom/microsoft/z3/Pattern;[Lcom/microsoft/z3/Expr;Lcom/microsoft/z3/Symbol;Lcom/microsoft/z3/Symbol;)Lcom/microsoft/z3/Quantifier;+13
j  smt.SMTVisitor.visit(Last/expr/fol/ForAllExprAST;)Lcom/microsoft/z3/Expr;+84
j  smt.SMTVisitor.visit(Last/expr/fol/ForAllExprAST;)Ljava/lang/Object;+2
j  ast.expr.fol.ForAllExprAST.accept(Lvisitor/ifaces/VisitorIface;)Ljava/lang/Object;+12
j  smt.AlkSMTContext.process(Lsymbolic/SymbolicValue;)Z+60
j  util.pc.PathCondition.add(Lsymbolic/SymbolicValue;)Z+16
j  execution.state.symbolic.SymbolicIntervalState.getFinalResult()Lutil/types/Storable;+745
j  execution.state.GeneratorState.makeStep()Lexecution/state/ExecutionState;+29
j  execution.state.GeneratorState.makeStep()Lstate/State;+1
j  ast.ASTStack.makeStep()Lstate/Result;+14
j  ast.ASTStack.run()Lstate/Result;+13
j  execution.Execution.execute()V+214
j  execution.Execution.run()V+16
v  ~StubRoutines::call_stub

---------------  P R O C E S S  ---------------

Java Threads: ( => current thread )
=>0x0000000021ea7000 JavaThread "Thread-3" [_thread_in_native, id=12772, stack(0x000000002a7e0000,0x000000002a8e0000)]
  0x0000000002604000 JavaThread "DestroyJavaVM" [_thread_blocked, id=21036, stack(0x00000000022c0000,0x00000000023c0000)]
  0x00000000211bd800 JavaThread "Thread-0" [_thread_blocked, id=16156, stack(0x00000000215b0000,0x00000000216b0000)]
  0x000000001e1ef800 JavaThread "Service Thread" daemon [_thread_blocked, id=13452, stack(0x0000000020bb0000,0x0000000020cb0000)]
  0x000000001e151800 JavaThread "C1 CompilerThread11" daemon [_thread_blocked, id=1344, stack(0x0000000020ab0000,0x0000000020bb0000)]
  0x000000001e158800 JavaThread "C1 CompilerThread10" daemon [_thread_blocked, id=15096, stack(0x00000000209b0000,0x0000000020ab0000)]
  0x000000001e157800 JavaThread "C1 CompilerThread9" daemon [_thread_blocked, id=21488, stack(0x00000000208b0000,0x00000000209b0000)]
  0x000000001e157000 JavaThread "C1 CompilerThread8" daemon [_thread_blocked, id=17008, stack(0x00000000207b0000,0x00000000208b0000)]
  0x000000001e156000 JavaThread "C2 CompilerThread7" daemon [_thread_blocked, id=20204, stack(0x00000000206b0000,0x00000000207b0000)]
  0x000000001e153800 JavaThread "C2 CompilerThread6" daemon [_thread_blocked, id=4804, stack(0x00000000205b0000,0x00000000206b0000)]
  0x000000001e153000 JavaThread "C2 CompilerThread5" daemon [_thread_blocked, id=15368, stack(0x00000000203b0000,0x00000000204b0000)]
  0x000000001e140000 JavaThread "C2 CompilerThread4" daemon [_thread_blocked, id=17544, stack(0x00000000202b0000,0x00000000203b0000)]
  0x000000001e119800 JavaThread "C2 CompilerThread3" daemon [_thread_blocked, id=21236, stack(0x00000000201b0000,0x00000000202b0000)]
  0x000000001e103000 JavaThread "C2 CompilerThread2" daemon [_thread_blocked, id=18192, stack(0x00000000200b0000,0x00000000201b0000)]
  0x000000001e100000 JavaThread "C2 CompilerThread1" daemon [_thread_blocked, id=19352, stack(0x000000001ffb0000,0x00000000200b0000)]
  0x000000001e0ff800 JavaThread "C2 CompilerThread0" daemon [_thread_blocked, id=1204, stack(0x000000001feb0000,0x000000001ffb0000)]
  0x000000001df81000 JavaThread "JDWP Command Reader" daemon [_thread_in_native, id=21316, stack(0x000000001fdb0000,0x000000001feb0000)]
  0x000000001df80000 JavaThread "JDWP Event Helper Thread" daemon [_thread_blocked, id=19036, stack(0x000000001fcb0000,0x000000001fdb0000)]
  0x000000001df7d800 JavaThread "JDWP Transport Listener: dt_socket" daemon [_thread_blocked, id=1460, stack(0x000000001fbb0000,0x000000001fcb0000)]
  0x000000001df62800 JavaThread "Attach Listener" daemon [_thread_blocked, id=12168, stack(0x000000001fab0000,0x000000001fbb0000)]
  0x000000001df60000 JavaThread "Signal Dispatcher" daemon [_thread_blocked, id=13540, stack(0x000000001f9b0000,0x000000001fab0000)]
  0x000000001c4c9000 JavaThread "Finalizer" daemon [_thread_blocked, id=3720, stack(0x000000001f7b0000,0x000000001f8b0000)]
  0x000000001df46000 JavaThread "Reference Handler" daemon [_thread_blocked, id=2260, stack(0x000000001f6b0000,0x000000001f7b0000)]

Other Threads:
  0x000000001c4b5800 VMThread [stack: 0x000000001f5b0000,0x000000001f6b0000] [id=15136]
  0x000000001e1e4000 WatcherThread [stack: 0x0000000020cb0000,0x0000000020db0000] [id=18092]

VM state:not at safepoint (normal execution)

VM Mutex/Monitor currently owned by a thread: None

heap address: 0x00000006c4000000, size: 4032 MB, Compressed Oops mode: Zero based, Oop shift amount: 3
Narrow klass base: 0x0000000000000000, Narrow klass shift: 3
Compressed class space size: 1073741824 Address: 0x00000007c0000000

Heap:
 PSYoungGen      total 75264K, used 26593K [0x000000076c000000, 0x0000000775300000, 0x00000007c0000000)
  eden space 64512K, 34% used [0x000000076c000000,0x000000076d5d6118,0x000000076ff00000)
  from space 10752K, 39% used [0x000000076ff00000,0x00000007703225b0,0x0000000770980000)
  to   space 10752K, 0% used [0x0000000774880000,0x0000000774880000,0x0000000775300000)
 ParOldGen       total 172032K, used 8K [0x00000006c4000000, 0x00000006ce800000, 0x000000076c000000)
  object space 172032K, 0% used [0x00000006c4000000,0x00000006c4002000,0x00000006ce800000)
 Metaspace       used 8653K, capacity 8850K, committed 8960K, reserved 1056768K
  class space    used 1160K, capacity 1249K, committed 1280K, reserved 1048576K

Card table byte_map: [0x0000000011ac0000,0x00000000122b0000] byte_map_base: 0x000000000e4a0000

Marking Bits: (ParMarkBitMap*) 0x000000005e50a830
 Begin Bits: [0x00000000134f0000, 0x00000000173f0000)
 End Bits:   [0x00000000173f0000, 0x000000001b2f0000)

Polling page: 0x0000000000ac0000

CodeCache: size=245760Kb used=6618Kb max_used=6708Kb free=239141Kb
 bounds [0x0000000002700000, 0x0000000002da0000, 0x0000000011700000]
 total_blobs=1488 nmethods=1122 adapters=284
 compilation: enabled

Compilation events (10 events):
Event: 11.277 Thread 0x000000001e157000 1118       3       java.util.HashMap::tableSizeFor (59 bytes)
Event: 11.277 Thread 0x000000001e157000 nmethod 1118 0x0000000002cea1d0 code [0x0000000002cea340, 0x0000000002cea550]
Event: 12.528 Thread 0x000000001e151800 1119       3       ast.expr.SymIDAST::accept (24 bytes)
Event: 12.528 Thread 0x000000001e158800 1120       3       ast.expr.SymIDAST::<init> (48 bytes)
Event: 12.528 Thread 0x000000001e157800 1121       3       symbolic.ASTCloner::visit (6 bytes)
Event: 12.528 Thread 0x000000001e157000 1122       3       symbolic.ASTCloner::visit (17 bytes)
Event: 12.528 Thread 0x000000001e157000 nmethod 1122 0x0000000002ce9a10 code [0x0000000002ce9bc0, 0x0000000002ce9fc8]
Event: 12.528 Thread 0x000000001e158800 nmethod 1120 0x0000000002ce9050 code [0x0000000002ce9200, 0x0000000002ce9798]
Event: 12.528 Thread 0x000000001e151800 nmethod 1119 0x0000000002ce8750 code [0x0000000002ce8900, 0x0000000002ce8e98]
Event: 12.529 Thread 0x000000001e157800 nmethod 1121 0x0000000002ce7dd0 code [0x0000000002ce7f80, 0x0000000002ce8448]

GC Heap History (2 events):
Event: 0.914 GC heap before
{Heap before GC invocations=1 (full 0):
 PSYoungGen      total 75264K, used 64512K [0x000000076c000000, 0x0000000771400000, 0x00000007c0000000)
  eden space 64512K, 100% used [0x000000076c000000,0x000000076ff00000,0x000000076ff00000)
  from space 10752K, 0% used [0x0000000770980000,0x0000000770980000,0x0000000771400000)
  to   space 10752K, 0% used [0x000000076ff00000,0x000000076ff00000,0x0000000770980000)
 ParOldGen       total 172032K, used 0K [0x00000006c4000000, 0x00000006ce800000, 0x000000076c000000)
  object space 172032K, 0% used [0x00000006c4000000,0x00000006c4000000,0x00000006ce800000)
 Metaspace       used 6664K, capacity 7380K, committed 7680K, reserved 1056768K
  class space    used 874K, capacity 912K, committed 1024K, reserved 1048576K
Event: 0.944 GC heap after
Heap after GC invocations=1 (full 0):
 PSYoungGen      total 75264K, used 4233K [0x000000076c000000, 0x0000000775300000, 0x00000007c0000000)
  eden space 64512K, 0% used [0x000000076c000000,0x000000076c000000,0x000000076ff00000)
  from space 10752K, 39% used [0x000000076ff00000,0x00000007703225b0,0x0000000770980000)
  to   space 10752K, 0% used [0x0000000774880000,0x0000000774880000,0x0000000775300000)
 ParOldGen       total 172032K, used 8K [0x00000006c4000000, 0x00000006ce800000, 0x000000076c000000)
  object space 172032K, 0% used [0x00000006c4000000,0x00000006c4002000,0x00000006ce800000)
 Metaspace       used 6664K, capacity 7380K, committed 7680K, reserved 1056768K
  class space    used 874K, capacity 912K, committed 1024K, reserved 1048576K
}

Deoptimization events (10 events):
Event: 0.969 Thread 0x00000000211bd800 Uncommon trap: reason=class_check action=maybe_recompile pc=0x0000000002b2ec1c method=java.util.HashMap.putVal(ILjava/lang/Object;Ljava/lang/Object;ZZ)Ljava/lang/Object; @ 91
Event: 0.983 Thread 0x00000000211bd800 Uncommon trap: reason=class_check action=maybe_recompile pc=0x0000000002b39d10 method=java.util.HashMap.putVal(ILjava/lang/Object;Ljava/lang/Object;ZZ)Ljava/lang/Object; @ 91
Event: 1.046 Thread 0x00000000211bd800 Uncommon trap: reason=unstable_if action=reinterpret pc=0x0000000002a5d340 method=java.lang.String.lastIndexOf([CII[CIII)I @ 66
Event: 1.053 Thread 0x00000000211bd800 Uncommon trap: reason=unstable_if action=reinterpret pc=0x0000000002a44dd0 method=java.lang.String.indexOf([CII[CIII)I @ 123
Event: 1.058 Thread 0x00000000211bd800 Uncommon trap: reason=unstable_if action=reinterpret pc=0x0000000002b59558 method=java.util.Arrays.equals([Ljava/lang/Object;[Ljava/lang/Object;)Z @ 2
Event: 1.119 Thread 0x00000000211bd800 Uncommon trap: reason=unstable_if action=reinterpret pc=0x0000000002c3bcc4 method=java.util.HashMap.putVal(ILjava/lang/Object;Ljava/lang/Object;ZZ)Ljava/lang/Object; @ 193
Event: 1.154 Thread 0x00000000211bd800 Uncommon trap: reason=class_check action=maybe_recompile pc=0x0000000002c93b5c method=java.lang.reflect.Array.newInstance(Ljava/lang/Class;I)Ljava/lang/Object; @ 2
Event: 1.154 Thread 0x00000000211bd800 Uncommon trap: reason=class_check action=maybe_recompile pc=0x0000000002c93b5c method=java.lang.reflect.Array.newInstance(Ljava/lang/Class;I)Ljava/lang/Object; @ 2
Event: 1.154 Thread 0x00000000211bd800 Uncommon trap: reason=class_check action=maybe_recompile pc=0x0000000002c93b5c method=java.lang.reflect.Array.newInstance(Ljava/lang/Class;I)Ljava/lang/Object; @ 2
Event: 1.154 Thread 0x00000000211bd800 Uncommon trap: reason=class_check action=maybe_recompile pc=0x0000000002c93b5c method=java.lang.reflect.Array.newInstance(Ljava/lang/Class;I)Ljava/lang/Object; @ 2

Classes redefined (0 events):
No events

Internal exceptions (5 events):
Event: 0.022 Thread 0x0000000002604000 Exception <a 'java/lang/NoSuchMethodError': Method sun.misc.Unsafe.defineClass(Ljava/lang/String;[BII)Ljava/lang/Class; name or signature does not match> (0x000000076c008288) thrown at [C:\wsjdk\Corretto8Src\installers\windows\zip\corretto-build\buildRoot
Event: 0.022 Thread 0x0000000002604000 Exception <a 'java/lang/NoSuchMethodError': Method sun.misc.Unsafe.prefetchRead(Ljava/lang/Object;J)V name or signature does not match> (0x000000076c008570) thrown at [C:\wsjdk\Corretto8Src\installers\windows\zip\corretto-build\buildRoot\src\hotspot\src\s
Event: 0.626 Thread 0x00000000211bd800 Implicit null exception at 0x00000000029b5498 to 0x00000000029b5735
Event: 1.078 Thread 0x00000000211bd800 Exception <a 'java/lang/NoSuchFieldError': method resolution failed> (0x000000076d0a2cd8) thrown at [C:\wsjdk\Corretto8Src\installers\windows\zip\corretto-build\buildRoot\src\hotspot\src\share\vm\prims\methodHandles.cpp, line 1169]
Event: 1.079 Thread 0x00000000211bd800 Exception <a 'java/lang/NoSuchFieldError': method resolution failed> (0x000000076d0b11f0) thrown at [C:\wsjdk\Corretto8Src\installers\windows\zip\corretto-build\buildRoot\src\hotspot\src\share\vm\prims\methodHandles.cpp, line 1169]

Events (10 events):
Event: 16.753 Executing VM operation: GetOrSetLocal
Event: 16.753 Executing VM operation: GetOrSetLocal done
Event: 17.324 Executing VM operation: EnterInterpOnlyMode
Event: 17.324 Executing VM operation: EnterInterpOnlyMode done
Event: 17.324 Executing VM operation: GetCurrentLocation
Event: 17.325 Executing VM operation: GetCurrentLocation done
Event: 17.325 Executing VM operation: ChangeSingleStep
Event: 17.325 Executing VM operation: ChangeSingleStep done
Event: 17.325 Executing VM operation: ChangeSingleStep
Event: 17.325 Executing VM operation: ChangeSingleStep done


Dynamic libraries:
0x00007ff7b80b0000 - 0x00007ff7b80e5000 	C:\Users\Alex\.jdks\corretto-1.8.0_275\bin\java.exe
0x00007ffcbd9f0000 - 0x00007ffcbdbe5000 	C:\Windows\SYSTEM32\ntdll.dll
0x00007ffcbc100000 - 0x00007ffcbc1be000 	C:\Windows\System32\KERNEL32.DLL
0x00007ffcbb550000 - 0x00007ffcbb818000 	C:\Windows\System32\KERNELBASE.dll
0x00007ffcbba30000 - 0x00007ffcbbade000 	C:\Windows\System32\ADVAPI32.dll
0x00007ffcbbae0000 - 0x00007ffcbbb7e000 	C:\Windows\System32\msvcrt.dll
0x00007ffcbbeb0000 - 0x00007ffcbbf4c000 	C:\Windows\System32\sechost.dll
0x00007ffcbd880000 - 0x00007ffcbd9a5000 	C:\Windows\System32\RPCRT4.dll
0x00007ffcbbf50000 - 0x00007ffcbc0f1000 	C:\Windows\System32\USER32.dll
0x00007ffcbb8c0000 - 0x00007ffcbb8e2000 	C:\Windows\System32\win32u.dll
0x00007ffcbc730000 - 0x00007ffcbc75b000 	C:\Windows\System32\GDI32.dll
0x00007ffcbb8f0000 - 0x00007ffcbb9fd000 	C:\Windows\System32\gdi32full.dll
0x00007ffcbb820000 - 0x00007ffcbb8bd000 	C:\Windows\System32\msvcp_win.dll
0x00007ffcbb370000 - 0x00007ffcbb470000 	C:\Windows\System32\ucrtbase.dll
0x00007ffca2c30000 - 0x00007ffca2eca000 	C:\Windows\WinSxS\amd64_microsoft.windows.common-controls_6595b64144ccf1df_6.0.19041.1110_none_60b5254171f9507e\COMCTL32.dll
0x00007ffcbbb80000 - 0x00007ffcbbbb0000 	C:\Windows\System32\IMM32.DLL
0x000000005f960000 - 0x000000005fa32000 	C:\Users\Alex\.jdks\corretto-1.8.0_275\jre\bin\msvcr100.dll
0x000000005dcd0000 - 0x000000005e58c000 	C:\Users\Alex\.jdks\corretto-1.8.0_275\jre\bin\server\jvm.dll
0x00007ffcbbc60000 - 0x00007ffcbbc68000 	C:\Windows\System32\PSAPI.DLL
0x00007ffc9fb30000 - 0x00007ffc9fb39000 	C:\Windows\SYSTEM32\WSOCK32.dll
0x00007ffcb0650000 - 0x00007ffcb065a000 	C:\Windows\SYSTEM32\VERSION.dll
0x00007ffcade90000 - 0x00007ffcadeb7000 	C:\Windows\SYSTEM32\WINMM.dll
0x00007ffcbc770000 - 0x00007ffcbc7db000 	C:\Windows\System32\WS2_32.dll
0x00007ffcb3980000 - 0x00007ffcb398f000 	C:\Users\Alex\.jdks\corretto-1.8.0_275\jre\bin\verify.dll
0x00007ffca31d0000 - 0x00007ffca31f9000 	C:\Users\Alex\.jdks\corretto-1.8.0_275\jre\bin\java.dll
0x00007ffc788a0000 - 0x00007ffc788d5000 	C:\Users\Alex\.jdks\corretto-1.8.0_275\jre\bin\jdwp.dll
0x00007ffcb3800000 - 0x00007ffcb3808000 	C:\Users\Alex\.jdks\corretto-1.8.0_275\jre\bin\npt.dll
0x00007ffca31a0000 - 0x00007ffca31c3000 	C:\Users\Alex\.jdks\corretto-1.8.0_275\jre\bin\instrument.dll
0x00007ffcb3960000 - 0x00007ffcb3976000 	C:\Users\Alex\.jdks\corretto-1.8.0_275\jre\bin\zip.dll
0x00007ffcbcdc0000 - 0x00007ffcbd504000 	C:\Windows\System32\SHELL32.dll
0x00007ffcb8ec0000 - 0x00007ffcb9655000 	C:\Windows\SYSTEM32\windows.storage.dll
0x00007ffcbc7e0000 - 0x00007ffcbcb35000 	C:\Windows\System32\combase.dll
0x00007ffcba9a0000 - 0x00007ffcba9ce000 	C:\Windows\SYSTEM32\Wldp.dll
0x00007ffcbd7d0000 - 0x00007ffcbd87d000 	C:\Windows\System32\SHCORE.dll
0x00007ffcbd6c0000 - 0x00007ffcbd715000 	C:\Windows\System32\shlwapi.dll
0x00007ffcbb040000 - 0x00007ffcbb05f000 	C:\Windows\SYSTEM32\profapi.dll
0x00007ffcb09c0000 - 0x00007ffcb09c9000 	C:\Users\Alex\.jdks\corretto-1.8.0_275\jre\bin\dt_socket.dll
0x00007ffcba780000 - 0x00007ffcba7ea000 	C:\Windows\system32\mswsock.dll
0x00007ffc7a7e0000 - 0x00007ffc7a7fd000 	G:\IdeaProjects\java-semantics\bin\libz3java.dll
0x00007ffca2090000 - 0x00007ffca20a9000 	C:\Windows\SYSTEM32\VCRUNTIME140.dll
0x00007ffc67e00000 - 0x00007ffc68d95000 	G:\IdeaProjects\java-semantics\bin\libz3.dll
0x00007ffca1fe0000 - 0x00007ffca2072000 	C:\Windows\SYSTEM32\MSVCP140.dll
0x00007ffca2080000 - 0x00007ffca208c000 	C:\Windows\SYSTEM32\VCRUNTIME140_1.dll
0x00007ffcac340000 - 0x00007ffcac35b000 	C:\Users\Alex\.jdks\corretto-1.8.0_275\jre\bin\net.dll
0x00007ffc80400000 - 0x00007ffc80412000 	C:\Users\Alex\.jdks\corretto-1.8.0_275\jre\bin\nio.dll
0x00007ffcb9730000 - 0x00007ffcb9914000 	C:\Windows\SYSTEM32\dbghelp.dll
0x00007ffcbb470000 - 0x00007ffcbb4f2000 	C:\Windows\System32\bcryptPrimitives.dll

VM Arguments:
jvm_args: -agentlib:jdwp=transport=dt_socket,address=127.0.0.1:51164,suspend=y,server=n -javaagent:C:\Users\Alex\AppData\Local\JetBrains\IdeaIC2020.1\captureAgent\debugger-agent.jar -Dfile.encoding=UTF-8 
java_command: main.ExecutionDriver -a G:\IdeaProjects\java-semantics\input\test2.alk -t -m -s
java_class_path (initial): C:\Users\Alex\.jdks\corretto-1.8.0_275\jre\lib\charsets.jar;C:\Users\Alex\.jdks\corretto-1.8.0_275\jre\lib\ext\access-bridge-64.jar;C:\Users\Alex\.jdks\corretto-1.8.0_275\jre\lib\ext\cldrdata.jar;C:\Users\Alex\.jdks\corretto-1.8.0_275\jre\lib\ext\dnsns.jar;C:\Users\Alex\.jdks\corretto-1.8.0_275\jre\lib\ext\jaccess.jar;C:\Users\Alex\.jdks\corretto-1.8.0_275\jre\lib\ext\jfxrt.jar;C:\Users\Alex\.jdks\corretto-1.8.0_275\jre\lib\ext\localedata.jar;C:\Users\Alex\.jdks\corretto-1.8.0_275\jre\lib\ext\nashorn.jar;C:\Users\Alex\.jdks\corretto-1.8.0_275\jre\lib\ext\sunec.jar;C:\Users\Alex\.jdks\corretto-1.8.0_275\jre\lib\ext\sunjce_provider.jar;C:\Users\Alex\.jdks\corretto-1.8.0_275\jre\lib\ext\sunmscapi.jar;C:\Users\Alex\.jdks\corretto-1.8.0_275\jre\lib\ext\sunpkcs11.jar;C:\Users\Alex\.jdks\corretto-1.8.0_275\jre\lib\ext\zipfs.jar;C:\Users\Alex\.jdks\corretto-1.8.0_275\jre\lib\jce.jar;C:\Users\Alex\.jdks\corretto-1.8.0_275\jre\lib\jfr.jar;C:\Users\Alex\.jdks\corretto-1.8.0_275\jre\lib\jfxswt.jar;C:\Users\Alex\.jdks\corretto-1.8.0_275\jre\lib\jsse.jar;C:\Users\Alex\.jdks\corretto-1.8.0_275\jre\lib\management-agent.jar;C:\Users\Alex\.jdks\corretto-1.8.0_275\jre\lib\resources.jar;C:\Users\Alex\.jdks\corretto-1.8.0_275\jre\lib\rt.jar;G:\IdeaProjects\java-semantics\target\classes;G:\IdeaProjects\java-semantics\lib\com.microsoft.z3.jar;C:\Users\Alex\.m2\repository\org\antlr\antlr4\4.7.1\antlr4-4.7.1.jar;C:\Users\Alex\.m2\repository\org\antlr\antlr4-runtime\4.7.1\antlr4-runtime-4.7.1.jar;C:\Users\Alex\.m2\repository\org\antlr\antlr-runtime\3.5.2\antlr-runtime-3.5.2.jar;C:\Users\Alex\.m2\repository\org\antlr\ST4\4.0.8\ST4-4.0.8.jar;C:\Users\Alex\.m2\repository\org\abego\treelayout\org.abego.treelayout.core\1.0.3\org.abego.treelayout.core-1.0.3.jar;C:\Users\Alex\.m2\repository\org\glassfish\javax.json\1.0.4\javax.json-1.0.4.jar;C:\Users\Alex\.m2\repository\com\ibm\icu\icu4j\58.2\icu4j-58.2.jar;C:\Users\Alex\.m2\repository\ch\obermuhlner\big-math\2.0.1\big-
Launcher Type: SUN_STANDARD

Environment Variables:
JAVA_HOME=C:\Program Files\Java\jdk1.8.0_271
CLASSPATH=G:\bin\rv-monitor\lib\rv-monitor-rt.jar;C:\aspectj1.8\lib\aspectjrt.jar;C:\aspectj1.8\lib\aspectjtools.jar;C:\aspectj1.8\lib\aspectjweaver.jar;C:\aspectj1.8\lib\org.aspectj.matcher.jar;G:\bin\javamop\lib\javamop-4.0-SNAPSHOT.jar;G:\bin\javamop\lib\jcommander-1.35.jar;G:\bin\javamop\lib\commons-lang3-3.0.jar;G:\bin\javamop\lib\commons-io-2.4.jar;
PATH=C:\Windows\system32;C:\Windows;C:\Windows\System32\Wbem;C:\Windows\System32\WindowsPowerShell\v1.0\;C:\Windows\System32\OpenSSH\;C:\Program Files\NVIDIA Corporation\NVIDIA NvDLISR;C:\Program Files (x86)\NVIDIA Corporation\PhysX\Common;C:\Program Files\dotnet\;C:\Program Files\Git\cmd;C:\Program Files (x86)\mingw32\bin;G:\utils\bin;C:\Program Files\nodejs\;G:\apache-maven\bin;C:\Program Files\Java\jdk1.8.0_271\bin;G:\IdeaProjects\java-semantics\bin;C:\MinGW\bin;C:\Python3;C:\Program Files\Kubernetes\Minikube;C:\Program Files\Microsoft VS Code\bin;C:\Program Files\PuTTY\;G:\bin\rv-monitor\bin;G:\bin\javamop\bin;C:\aspectj1.8\bin;C:\Program Files\Docker\Docker\resources\bin;C:\ProgramData\DockerDesktop\version-bin;G:\utils\dafny;C:\Python3\;C:\Python3\Scripts;E:\utils\Microsoft VS Code\bin;C:\Users\Alex\.dotnet\tools;C:\Users\Alex\go\bin;C:\Users\Alex\AppData\Roaming\npm;C:\Users\Alex\AppData\Local\GitHubDesktop\bin;;C:\Users\Alex\AppData\Local\Programs\Microsoft VS Code\bin;G:\VSCODE\bin;C:\Program Files\JetBrains\IntelliJ IDEA Community Edition 2020.1.4\bin;
USERNAME=Alex
OS=Windows_NT
PROCESSOR_IDENTIFIER=Intel64 Family 6 Model 165 Stepping 5, GenuineIntel



---------------  S Y S T E M  ---------------

OS: Windows 10.0 , 64 bit Build 19041 (10.0.19041.1466)

CPU:total 16 (initial active 16) (8 cores per cpu, 2 threads per core) family 6 model 165 stepping 5, cmov, cx8, fxsr, mmx, sse, sse2, sse3, ssse3, sse4.1, sse4.2, popcnt, avx, avx2, aes, clmul, erms, 3dnowpref, lzcnt, ht, tsc, tscinvbit, bmi1, bmi2, adx

Memory: 4k page, physical 16509896k(9416808k free), swap 29617096k(18388936k free)

vm_info: OpenJDK 64-Bit Server VM (25.275-b01) for windows-amd64 JRE (1.8.0_275-b01), built on Nov  5 2020 05:17:06 by "Administrator" with MS VC++ 10.0 (VS2010)

time: Wed Jan 26 15:58:09 2022
timezone: GTB Standard Time
elapsed time: 17.339181 seconds (0d 0h 0m 17s)

