#
# A fatal error has been detected by the Java Runtime Environment:
#
#  EXCEPTION_ACCESS_VIOLATION (0xc0000005) at pc=0x00007ffc67e5c7c2, pid=20672, tid=0x00000000000006a8
#
# JRE version: OpenJDK Runtime Environment (8.0_275-b01) (build 1.8.0_275-b01)
# Java VM: OpenJDK 64-Bit Server VM (25.275-b01 mixed mode windows-amd64 compressed oops)
# Problematic frame:
# C  [libz3.dll+0x5c7c2]
#
# Failed to write core dump. Minidumps are not enabled by default on client versions of Windows
#
# If you would like to submit a bug report, please include
# instructions on how to reproduce the bug and visit:
#   http://bugreport.java.com/bugreport/crash.jsp
# The crash happened outside the Java Virtual Machine in native code.
# See problematic frame for where to report the bug.
#

---------------  T H R E A D  ---------------

Current thread (0x00000000252e6800):  JavaThread "Thread-3" [_thread_in_native, id=1704, stack(0x0000000026970000,0x0000000026a70000)]

siginfo: ExceptionCode=0xc0000005, reading address 0x0000000000000004

Registers:
RAX=0x0000000000000000, RBX=0x00000000015828a8, RCX=0x0000000024e8d320, RDX=0x0000000000000000
RSP=0x0000000026a6e430, RBP=0x0000000026a6e8d0, RSI=0x0000000000000000, RDI=0x0000000000000000
R8 =0x0000000000000001, R9 =0x0000000000000000, R10=0x00000000015ab7e8, R11=0x0000000000000000
R12=0x0000000000000000, R13=0x0000000000000000, R14=0x0000000000000000, R15=0x0000000000000000
RIP=0x00007ffc67e5c7c2, EFLAGS=0x0000000000010297

Top of Stack: (sp=0x0000000026a6e430)
0x0000000026a6e430:   00000b84ceddbbcd 0000000001571538
0x0000000026a6e440:   0000000001571538 00000000015ab7e8
0x0000000026a6e450:   00000000015ac438 00007ffc687b1967
0x0000000026a6e460:   0000000026a6e4c0 000000001cf15bc0
0x0000000026a6e470:   00000000015828a8 000000001cf0cac8
0x0000000026a6e480:   fffffffffffffffe 0000000026a6e4b8
0x0000000026a6e490:   0000000026a6e508 000000000367813d
0x0000000026a6e4a0:   0000010000000000 00000000015ab7e8
0x0000000026a6e4b0:   0000000024e8d320 0000000000000000
0x0000000026a6e4c0:   0000000000000000 00000000000000e4
0x0000000026a6e4d0:   000000002778a4c0 0000000000000001
0x0000000026a6e4e0:   0000000000000000 0000000000000000
0x0000000026a6e4f0:   0000000000000000 0000000000000000
0x0000000026a6e500:   0000000026a6e520 0000000003210000
0x0000000026a6e510:   00000000032102a4 000000076d3f80d8
0x0000000026a6e520:   0000000000000000 0000000000000000 

Instructions: (pc=0x00007ffc67e5c7c2)
0x00007ffc67e5c7a2:   86 3d 08 48 ec 00 33 c0 e9 c5 08 00 00 89 44 24
0x00007ffc67e5c7b2:   70 41 3b c0 0f 83 75 02 00 00 8b c0 4c 8b 34 c1
0x00007ffc67e5c7c2:   41 0f b7 46 04 85 c0 0f 84 87 00 00 00 45 33 c0
0x00007ffc67e5c7d2:   41 8d 50 03 49 8b ca e8 52 d1 fc ff 40 84 ff 74 


Register to memory mapping:

RAX=0x0000000000000000 is an unknown value
RBX=0x00000000015828a8 is an unknown value
RCX=0x0000000024e8d320 is an unknown value
RDX=0x0000000000000000 is an unknown value
RSP=0x0000000026a6e430 is pointing into the stack for thread: 0x00000000252e6800
RBP=0x0000000026a6e8d0 is pointing into the stack for thread: 0x00000000252e6800
RSI=0x0000000000000000 is an unknown value
RDI=0x0000000000000000 is an unknown value
R8 =0x0000000000000001 is an unknown value
R9 =0x0000000000000000 is an unknown value
R10=0x00000000015ab7e8 is an unknown value
R11=0x0000000000000000 is an unknown value
R12=0x0000000000000000 is an unknown value
R13=0x0000000000000000 is an unknown value
R14=0x0000000000000000 is an unknown value
R15=0x0000000000000000 is an unknown value


Stack: [0x0000000026970000,0x0000000026a70000],  sp=0x0000000026a6e430,  free space=1017k
Native frames: (J=compiled Java code, j=interpreted, Vv=VM code, C=native code)
C  [libz3.dll+0x5c7c2]
C  [libz3.dll+0x5c547]
C  [libz3java.dll+0x622e]
C  0x0000000003691b30

Java frames: (J=compiled Java code, j=interpreted, Vv=VM code)
j  com.microsoft.z3.Native.INTERNALmkQuantifierConst(JZII[JI[JJ)J+0
j  com.microsoft.z3.Native.mkQuantifierConst(JZII[JI[JJ)J+13
j  com.microsoft.z3.Quantifier.of(Lcom/microsoft/z3/Context;Z[Lcom/microsoft/z3/Expr;Lcom/microsoft/z3/Expr;I[Lcom/microsoft/z3/Pattern;[Lcom/microsoft/z3/Expr;Lcom/microsoft/z3/Symbol;Lcom/microsoft/z3/Symbol;)Lcom/microsoft/z3/Quantifier;+61
j  com.microsoft.z3.Context.mkForall([Lcom/microsoft/z3/Expr;Lcom/microsoft/z3/Expr;I[Lcom/microsoft/z3/Pattern;[Lcom/microsoft/z3/Expr;Lcom/microsoft/z3/Symbol;Lcom/microsoft/z3/Symbol;)Lcom/microsoft/z3/Quantifier;+13
j  smt.SMTVisitor.visit(Last/expr/fol/ForAllExprAST;)Lcom/microsoft/z3/Expr;+84
j  smt.SMTVisitor.visit(Last/expr/fol/ForAllExprAST;)Ljava/lang/Object;+2
j  ast.expr.fol.ForAllExprAST.accept(Lvisitor/ifaces/VisitorIface;)Ljava/lang/Object;+12
j  smt.AlkSMTContext.process(Lsymbolic/SymbolicValue;)Z+60
j  util.pc.PathCondition.add(Lsymbolic/SymbolicValue;)Z+16
j  execution.state.symbolic.SymbolicIntervalState.getFinalResult()Lutil/types/Storable;+745
j  execution.state.GeneratorState.makeStep()Lexecution/state/ExecutionState;+29
j  execution.state.GeneratorState.makeStep()Lstate/State;+1
j  ast.ASTStack.makeStep()Lstate/Result;+14
j  ast.ASTStack.run()Lstate/Result;+13
j  execution.Execution.execute()V+214
j  execution.Execution.run()V+16
v  ~StubRoutines::call_stub

---------------  P R O C E S S  ---------------

Java Threads: ( => current thread )
=>0x00000000252e6800 JavaThread "Thread-3" [_thread_in_native, id=1704, stack(0x0000000026970000,0x0000000026a70000)]
  0x0000000003574000 JavaThread "DestroyJavaVM" [_thread_blocked, id=9420, stack(0x0000000003280000,0x0000000003380000)]
  0x000000002208d000 JavaThread "Thread-0" [_thread_blocked, id=4756, stack(0x0000000022530000,0x0000000022630000)]
  0x000000001f115800 JavaThread "Service Thread" daemon [_thread_blocked, id=2272, stack(0x0000000021b30000,0x0000000021c30000)]
  0x000000001f07e800 JavaThread "C1 CompilerThread11" daemon [_thread_blocked, id=21272, stack(0x0000000021a30000,0x0000000021b30000)]
  0x000000001f07d800 JavaThread "C1 CompilerThread10" daemon [_thread_blocked, id=10044, stack(0x0000000021930000,0x0000000021a30000)]
  0x000000001f07d000 JavaThread "C1 CompilerThread9" daemon [_thread_blocked, id=15376, stack(0x0000000021830000,0x0000000021930000)]
  0x000000001f07c000 JavaThread "C1 CompilerThread8" daemon [_thread_blocked, id=9528, stack(0x0000000021730000,0x0000000021830000)]
  0x000000001f09e800 JavaThread "C2 CompilerThread7" daemon [_thread_blocked, id=1804, stack(0x0000000021530000,0x0000000021630000)]
  0x000000001f085000 JavaThread "C2 CompilerThread6" daemon [_thread_blocked, id=10028, stack(0x0000000021430000,0x0000000021530000)]
  0x000000001f084000 JavaThread "C2 CompilerThread5" daemon [_thread_blocked, id=6292, stack(0x0000000021330000,0x0000000021430000)]
  0x000000001f062000 JavaThread "C2 CompilerThread4" daemon [_thread_blocked, id=17916, stack(0x0000000021230000,0x0000000021330000)]
  0x000000001f060800 JavaThread "C2 CompilerThread3" daemon [_thread_blocked, id=12640, stack(0x0000000021130000,0x0000000021230000)]
  0x000000001f05f800 JavaThread "C2 CompilerThread2" daemon [_thread_blocked, id=10592, stack(0x0000000021030000,0x0000000021130000)]
  0x000000001f05e800 JavaThread "C2 CompilerThread1" daemon [_thread_blocked, id=7400, stack(0x0000000020f30000,0x0000000021030000)]
  0x000000001f05e000 JavaThread "C2 CompilerThread0" daemon [_thread_blocked, id=7288, stack(0x0000000020e30000,0x0000000020f30000)]
  0x000000001eee1800 JavaThread "JDWP Event Helper Thread" daemon [_thread_blocked, id=3292, stack(0x0000000020c30000,0x0000000020d30000)]
  0x000000001eec3000 JavaThread "Attach Listener" daemon [_thread_blocked, id=18444, stack(0x0000000020a30000,0x0000000020b30000)]
  0x000000001eec0800 JavaThread "Signal Dispatcher" daemon [_thread_blocked, id=17876, stack(0x0000000020930000,0x0000000020a30000)]
  0x000000001d437800 JavaThread "Finalizer" daemon [_thread_blocked, id=21756, stack(0x0000000020730000,0x0000000020830000)]
  0x000000001eea6000 JavaThread "Reference Handler" daemon [_thread_blocked, id=11604, stack(0x0000000020630000,0x0000000020730000)]

Other Threads:
  0x000000001ee85800 VMThread [stack: 0x0000000020530000,0x0000000020630000] [id=22400]
  0x000000001f119000 WatcherThread [stack: 0x0000000021c30000,0x0000000021d30000] [id=21396]

VM state:not at safepoint (normal execution)

VM Mutex/Monitor currently owned by a thread: None

heap address: 0x00000006c4000000, size: 4032 MB, Compressed Oops mode: Zero based, Oop shift amount: 3
Narrow klass base: 0x0000000000000000, Narrow klass shift: 3
Compressed class space size: 1073741824 Address: 0x00000007c0000000

Heap:
 PSYoungGen      total 75264K, used 25471K [0x000000076c000000, 0x0000000771400000, 0x00000007c0000000)
  eden space 64512K, 33% used [0x000000076c000000,0x000000076d4d5780,0x000000076ff00000)
  from space 10752K, 38% used [0x000000076ff00000,0x000000077030a5b0,0x0000000770980000)
  to   space 10752K, 0% used [0x0000000770980000,0x0000000770980000,0x0000000771400000)
 ParOldGen       total 172032K, used 8K [0x00000006c4000000, 0x00000006ce800000, 0x000000076c000000)
  object space 172032K, 0% used [0x00000006c4000000,0x00000006c4002000,0x00000006ce800000)
 Metaspace       used 8648K, capacity 8834K, committed 8960K, reserved 1056768K
  class space    used 1156K, capacity 1249K, committed 1280K, reserved 1048576K

Card table byte_map: [0x0000000012a30000,0x0000000013220000] byte_map_base: 0x000000000f410000

Marking Bits: (ParMarkBitMap*) 0x000000005e50a830
 Begin Bits: [0x0000000014460000, 0x0000000018360000)
 End Bits:   [0x0000000018360000, 0x000000001c260000)

Polling page: 0x0000000001950000

CodeCache: size=245760Kb used=6521Kb max_used=6543Kb free=239238Kb
 bounds [0x0000000003670000, 0x0000000003cf0000, 0x0000000012670000]
 total_blobs=1483 nmethods=1117 adapters=284
 compilation: enabled

Compilation events (10 events):
Event: 7.399 Thread 0x000000001f07d000 1124       3       ast.AST::getText (47 bytes)
Event: 7.400 Thread 0x000000001f07d000 nmethod 1124 0x0000000003cb4a90 code [0x0000000003cb4c20, 0x0000000003cb5088]
Event: 7.400 Thread 0x000000001f07d800 1125       3       java.util.HashMap::tableSizeFor (59 bytes)
Event: 7.400 Thread 0x000000001f07d800 nmethod 1125 0x00000000039451d0 code [0x0000000003945340, 0x0000000003945550]
Event: 56.316 Thread 0x000000001f085000 1126       4       java.util.HashMap::containsKey (18 bytes)
Event: 56.319 Thread 0x000000001f085000 nmethod 1126 0x000000000392ffd0 code [0x0000000003930120, 0x0000000003930458]
Event: 61.974 Thread 0x000000001f07d800 1127       3       ast.expr.SymIDAST::accept (24 bytes)
Event: 61.974 Thread 0x000000001f07d800 nmethod 1127 0x000000000392cf50 code [0x000000000392d100, 0x000000000392d698]
Event: 63.322 Thread 0x000000001f07d000 1128       3       ast.attr.OpsASTAttr::getOp (14 bytes)
Event: 63.322 Thread 0x000000001f07d000 nmethod 1128 0x0000000003925cd0 code [0x0000000003925e40, 0x0000000003926168]

GC Heap History (2 events):
Event: 0.465 GC heap before
{Heap before GC invocations=1 (full 0):
 PSYoungGen      total 75264K, used 64512K [0x000000076c000000, 0x0000000771400000, 0x00000007c0000000)
  eden space 64512K, 100% used [0x000000076c000000,0x000000076ff00000,0x000000076ff00000)
  from space 10752K, 0% used [0x0000000770980000,0x0000000770980000,0x0000000771400000)
  to   space 10752K, 0% used [0x000000076ff00000,0x000000076ff00000,0x0000000770980000)
 ParOldGen       total 172032K, used 0K [0x00000006c4000000, 0x00000006ce800000, 0x000000076c000000)
  object space 172032K, 0% used [0x00000006c4000000,0x00000006c4000000,0x00000006ce800000)
 Metaspace       used 6664K, capacity 7380K, committed 7680K, reserved 1056768K
  class space    used 874K, capacity 912K, committed 1024K, reserved 1048576K
Event: 0.468 GC heap after
Heap after GC invocations=1 (full 0):
 PSYoungGen      total 75264K, used 4137K [0x000000076c000000, 0x0000000771400000, 0x00000007c0000000)
  eden space 64512K, 0% used [0x000000076c000000,0x000000076c000000,0x000000076ff00000)
  from space 10752K, 38% used [0x000000076ff00000,0x000000077030a5b0,0x0000000770980000)
  to   space 10752K, 0% used [0x0000000770980000,0x0000000770980000,0x0000000771400000)
 ParOldGen       total 172032K, used 8K [0x00000006c4000000, 0x00000006ce800000, 0x000000076c000000)
  object space 172032K, 0% used [0x00000006c4000000,0x00000006c4002000,0x00000006ce800000)
 Metaspace       used 6664K, capacity 7380K, committed 7680K, reserved 1056768K
  class space    used 874K, capacity 912K, committed 1024K, reserved 1048576K
}

Deoptimization events (10 events):
Event: 0.450 Thread 0x000000002208d000 Uncommon trap: reason=class_check action=maybe_recompile pc=0x0000000003ac7c18 method=java.util.HashMap.putVal(ILjava/lang/Object;Ljava/lang/Object;ZZ)Ljava/lang/Object; @ 91
Event: 0.456 Thread 0x000000002208d000 Uncommon trap: reason=bimorphic action=maybe_recompile pc=0x0000000003b39b2c method=org.antlr.v4.runtime.atn.PredictionMode$AltAndContextConfigEqualityComparator.equals(Lorg/antlr/v4/runtime/atn/ATNConfig;Lorg/antlr/v4/runtime/atn/ATNConfig;)Z @ 42
Event: 0.478 Thread 0x000000002208d000 Uncommon trap: reason=class_check action=maybe_recompile pc=0x0000000003ac7c18 method=java.util.HashMap.putVal(ILjava/lang/Object;Ljava/lang/Object;ZZ)Ljava/lang/Object; @ 91
Event: 0.481 Thread 0x000000002208d000 Uncommon trap: reason=unstable_if action=reinterpret pc=0x0000000003b50ab8 method=java.util.HashMap.getNode(ILjava/lang/Object;)Ljava/util/HashMap$Node; @ 129
Event: 0.481 Thread 0x000000002208d000 Uncommon trap: reason=class_check action=maybe_recompile pc=0x0000000003ac7c18 method=java.util.HashMap.putVal(ILjava/lang/Object;Ljava/lang/Object;ZZ)Ljava/lang/Object; @ 91
Event: 0.496 Thread 0x000000002208d000 Uncommon trap: reason=class_check action=maybe_recompile pc=0x0000000003abe2c4 method=java.util.HashMap.putVal(ILjava/lang/Object;Ljava/lang/Object;ZZ)Ljava/lang/Object; @ 91
Event: 0.523 Thread 0x000000002208d000 Uncommon trap: reason=unstable_if action=reinterpret pc=0x00000000039cec00 method=java.lang.String.lastIndexOf([CII[CIII)I @ 66
Event: 0.530 Thread 0x000000002208d000 Uncommon trap: reason=unstable_if action=reinterpret pc=0x00000000039b5510 method=java.lang.String.indexOf([CII[CIII)I @ 123
Event: 0.535 Thread 0x000000002208d000 Uncommon trap: reason=unstable_if action=reinterpret pc=0x0000000003ad2558 method=java.util.Arrays.equals([Ljava/lang/Object;[Ljava/lang/Object;)Z @ 2
Event: 0.589 Thread 0x000000002208d000 Uncommon trap: reason=unstable_if action=reinterpret pc=0x0000000003b9d1c8 method=java.util.HashMap.putVal(ILjava/lang/Object;Ljava/lang/Object;ZZ)Ljava/lang/Object; @ 193

Classes redefined (0 events):
No events

Internal exceptions (5 events):
Event: 0.021 Thread 0x0000000003574000 Exception <a 'java/lang/NoSuchMethodError': Method sun.misc.Unsafe.defineClass(Ljava/lang/String;[BII)Ljava/lang/Class; name or signature does not match> (0x000000076c008288) thrown at [C:\wsjdk\Corretto8Src\installers\windows\zip\corretto-build\buildRoot
Event: 0.021 Thread 0x0000000003574000 Exception <a 'java/lang/NoSuchMethodError': Method sun.misc.Unsafe.prefetchRead(Ljava/lang/Object;J)V name or signature does not match> (0x000000076c008570) thrown at [C:\wsjdk\Corretto8Src\installers\windows\zip\corretto-build\buildRoot\src\hotspot\src\s
Event: 0.247 Thread 0x000000002208d000 Implicit null exception at 0x000000000392e458 to 0x000000000392e6f5
Event: 0.552 Thread 0x000000002208d000 Exception <a 'java/lang/NoSuchFieldError': method resolution failed> (0x000000076cebc148) thrown at [C:\wsjdk\Corretto8Src\installers\windows\zip\corretto-build\buildRoot\src\hotspot\src\share\vm\prims\methodHandles.cpp, line 1169]
Event: 0.553 Thread 0x000000002208d000 Exception <a 'java/lang/NoSuchFieldError': method resolution failed> (0x000000076ceca660) thrown at [C:\wsjdk\Corretto8Src\installers\windows\zip\corretto-build\buildRoot\src\hotspot\src\share\vm\prims\methodHandles.cpp, line 1169]

Events (10 events):
Event: 93.278 Executing VM operation: ChangeBreakpoints done
Event: 93.278 Thread 0x000000001eee2800 Thread exited: 0x000000001eee2800
Event: 93.278 Executing VM operation: ChangeBreakpoints
Event: 93.278 Executing VM operation: ChangeBreakpoints done
Event: 93.278 Executing VM operation: ChangeBreakpoints
Event: 93.278 Executing VM operation: ChangeBreakpoints done
Event: 93.278 Executing VM operation: ChangeBreakpoints
Event: 93.278 Executing VM operation: ChangeBreakpoints done
Event: 93.278 Executing VM operation: ChangeBreakpoints
Event: 93.278 Executing VM operation: ChangeBreakpoints done


Dynamic libraries:
0x00007ff7b80b0000 - 0x00007ff7b80e5000 	C:\Users\Alex\.jdks\corretto-1.8.0_275\bin\java.exe
0x00007ffcbd9f0000 - 0x00007ffcbdbe5000 	C:\Windows\SYSTEM32\ntdll.dll
0x00007ffcbc100000 - 0x00007ffcbc1be000 	C:\Windows\System32\KERNEL32.DLL
0x00007ffcbb550000 - 0x00007ffcbb818000 	C:\Windows\System32\KERNELBASE.dll
0x00007ffcbba30000 - 0x00007ffcbbade000 	C:\Windows\System32\ADVAPI32.dll
0x00007ffcbbae0000 - 0x00007ffcbbb7e000 	C:\Windows\System32\msvcrt.dll
0x00007ffcbbeb0000 - 0x00007ffcbbf4c000 	C:\Windows\System32\sechost.dll
0x00007ffcbd880000 - 0x00007ffcbd9a5000 	C:\Windows\System32\RPCRT4.dll
0x00007ffcbbf50000 - 0x00007ffcbc0f1000 	C:\Windows\System32\USER32.dll
0x00007ffcbb8c0000 - 0x00007ffcbb8e2000 	C:\Windows\System32\win32u.dll
0x00007ffcbc730000 - 0x00007ffcbc75b000 	C:\Windows\System32\GDI32.dll
0x00007ffcbb8f0000 - 0x00007ffcbb9fd000 	C:\Windows\System32\gdi32full.dll
0x00007ffcbb820000 - 0x00007ffcbb8bd000 	C:\Windows\System32\msvcp_win.dll
0x00007ffcbb370000 - 0x00007ffcbb470000 	C:\Windows\System32\ucrtbase.dll
0x00007ffca2c30000 - 0x00007ffca2eca000 	C:\Windows\WinSxS\amd64_microsoft.windows.common-controls_6595b64144ccf1df_6.0.19041.1110_none_60b5254171f9507e\COMCTL32.dll
0x00007ffcbbb80000 - 0x00007ffcbbbb0000 	C:\Windows\System32\IMM32.DLL
0x000000005f960000 - 0x000000005fa32000 	C:\Users\Alex\.jdks\corretto-1.8.0_275\jre\bin\msvcr100.dll
0x000000005dcd0000 - 0x000000005e58c000 	C:\Users\Alex\.jdks\corretto-1.8.0_275\jre\bin\server\jvm.dll
0x00007ffcbbc60000 - 0x00007ffcbbc68000 	C:\Windows\System32\PSAPI.DLL
0x00007ffcb0650000 - 0x00007ffcb065a000 	C:\Windows\SYSTEM32\VERSION.dll
0x00007ffcade90000 - 0x00007ffcadeb7000 	C:\Windows\SYSTEM32\WINMM.dll
0x00007ffc9fb30000 - 0x00007ffc9fb39000 	C:\Windows\SYSTEM32\WSOCK32.dll
0x00007ffcbc770000 - 0x00007ffcbc7db000 	C:\Windows\System32\WS2_32.dll
0x00007ffcb67a0000 - 0x00007ffcb67af000 	C:\Users\Alex\.jdks\corretto-1.8.0_275\jre\bin\verify.dll
0x00007ffcb5140000 - 0x00007ffcb5169000 	C:\Users\Alex\.jdks\corretto-1.8.0_275\jre\bin\java.dll
0x00007ffcb2e10000 - 0x00007ffcb2e45000 	C:\Users\Alex\.jdks\corretto-1.8.0_275\jre\bin\jdwp.dll
0x00007ffcb6790000 - 0x00007ffcb6798000 	C:\Users\Alex\.jdks\corretto-1.8.0_275\jre\bin\npt.dll
0x00007ffcb3960000 - 0x00007ffcb3983000 	C:\Users\Alex\.jdks\corretto-1.8.0_275\jre\bin\instrument.dll
0x00007ffcb5120000 - 0x00007ffcb5136000 	C:\Users\Alex\.jdks\corretto-1.8.0_275\jre\bin\zip.dll
0x00007ffcbcdc0000 - 0x00007ffcbd504000 	C:\Windows\System32\SHELL32.dll
0x00007ffcb8ec0000 - 0x00007ffcb9655000 	C:\Windows\SYSTEM32\windows.storage.dll
0x00007ffcbc7e0000 - 0x00007ffcbcb35000 	C:\Windows\System32\combase.dll
0x00007ffcba9a0000 - 0x00007ffcba9ce000 	C:\Windows\SYSTEM32\Wldp.dll
0x00007ffcbd7d0000 - 0x00007ffcbd87d000 	C:\Windows\System32\SHCORE.dll
0x00007ffcbd6c0000 - 0x00007ffcbd715000 	C:\Windows\System32\shlwapi.dll
0x00007ffcbb040000 - 0x00007ffcbb05f000 	C:\Windows\SYSTEM32\profapi.dll
0x00007ffcb2e00000 - 0x00007ffcb2e09000 	C:\Users\Alex\.jdks\corretto-1.8.0_275\jre\bin\dt_socket.dll
0x00007ffcba780000 - 0x00007ffcba7ea000 	C:\Windows\system32\mswsock.dll
0x00007ffcb2de0000 - 0x00007ffcb2dfd000 	G:\IdeaProjects\java-semantics\bin\libz3java.dll
0x00007ffca2090000 - 0x00007ffca20a9000 	C:\Windows\SYSTEM32\VCRUNTIME140.dll
0x00007ffc67e00000 - 0x00007ffc68d95000 	G:\IdeaProjects\java-semantics\bin\libz3.dll
0x00007ffca1fe0000 - 0x00007ffca2072000 	C:\Windows\SYSTEM32\MSVCP140.dll
0x00007ffca2080000 - 0x00007ffca208c000 	C:\Windows\SYSTEM32\VCRUNTIME140_1.dll
0x00007ffcac810000 - 0x00007ffcac82b000 	C:\Users\Alex\.jdks\corretto-1.8.0_275\jre\bin\net.dll
0x00007ffcac7f0000 - 0x00007ffcac802000 	C:\Users\Alex\.jdks\corretto-1.8.0_275\jre\bin\nio.dll
0x00007ffcb9730000 - 0x00007ffcb9914000 	C:\Windows\SYSTEM32\dbghelp.dll
0x00007ffcbb470000 - 0x00007ffcbb4f2000 	C:\Windows\System32\bcryptPrimitives.dll

VM Arguments:
jvm_args: -agentlib:jdwp=transport=dt_socket,address=127.0.0.1:51170,suspend=y,server=n -javaagent:C:\Users\Alex\AppData\Local\JetBrains\IdeaIC2020.1\captureAgent\debugger-agent.jar -Dfile.encoding=UTF-8 
java_command: main.ExecutionDriver -a G:\IdeaProjects\java-semantics\input\test2.alk -t -m -s
java_class_path (initial): C:\Users\Alex\.jdks\corretto-1.8.0_275\jre\lib\charsets.jar;C:\Users\Alex\.jdks\corretto-1.8.0_275\jre\lib\ext\access-bridge-64.jar;C:\Users\Alex\.jdks\corretto-1.8.0_275\jre\lib\ext\cldrdata.jar;C:\Users\Alex\.jdks\corretto-1.8.0_275\jre\lib\ext\dnsns.jar;C:\Users\Alex\.jdks\corretto-1.8.0_275\jre\lib\ext\jaccess.jar;C:\Users\Alex\.jdks\corretto-1.8.0_275\jre\lib\ext\jfxrt.jar;C:\Users\Alex\.jdks\corretto-1.8.0_275\jre\lib\ext\localedata.jar;C:\Users\Alex\.jdks\corretto-1.8.0_275\jre\lib\ext\nashorn.jar;C:\Users\Alex\.jdks\corretto-1.8.0_275\jre\lib\ext\sunec.jar;C:\Users\Alex\.jdks\corretto-1.8.0_275\jre\lib\ext\sunjce_provider.jar;C:\Users\Alex\.jdks\corretto-1.8.0_275\jre\lib\ext\sunmscapi.jar;C:\Users\Alex\.jdks\corretto-1.8.0_275\jre\lib\ext\sunpkcs11.jar;C:\Users\Alex\.jdks\corretto-1.8.0_275\jre\lib\ext\zipfs.jar;C:\Users\Alex\.jdks\corretto-1.8.0_275\jre\lib\jce.jar;C:\Users\Alex\.jdks\corretto-1.8.0_275\jre\lib\jfr.jar;C:\Users\Alex\.jdks\corretto-1.8.0_275\jre\lib\jfxswt.jar;C:\Users\Alex\.jdks\corretto-1.8.0_275\jre\lib\jsse.jar;C:\Users\Alex\.jdks\corretto-1.8.0_275\jre\lib\management-agent.jar;C:\Users\Alex\.jdks\corretto-1.8.0_275\jre\lib\resources.jar;C:\Users\Alex\.jdks\corretto-1.8.0_275\jre\lib\rt.jar;G:\IdeaProjects\java-semantics\target\classes;G:\IdeaProjects\java-semantics\lib\com.microsoft.z3.jar;C:\Users\Alex\.m2\repository\org\antlr\antlr4\4.7.1\antlr4-4.7.1.jar;C:\Users\Alex\.m2\repository\org\antlr\antlr4-runtime\4.7.1\antlr4-runtime-4.7.1.jar;C:\Users\Alex\.m2\repository\org\antlr\antlr-runtime\3.5.2\antlr-runtime-3.5.2.jar;C:\Users\Alex\.m2\repository\org\antlr\ST4\4.0.8\ST4-4.0.8.jar;C:\Users\Alex\.m2\repository\org\abego\treelayout\org.abego.treelayout.core\1.0.3\org.abego.treelayout.core-1.0.3.jar;C:\Users\Alex\.m2\repository\org\glassfish\javax.json\1.0.4\javax.json-1.0.4.jar;C:\Users\Alex\.m2\repository\com\ibm\icu\icu4j\58.2\icu4j-58.2.jar;C:\Users\Alex\.m2\repository\ch\obermuhlner\big-math\2.0.1\big-
Launcher Type: SUN_STANDARD

Environment Variables:
JAVA_HOME=C:\Program Files\Java\jdk1.8.0_271
CLASSPATH=G:\bin\rv-monitor\lib\rv-monitor-rt.jar;C:\aspectj1.8\lib\aspectjrt.jar;C:\aspectj1.8\lib\aspectjtools.jar;C:\aspectj1.8\lib\aspectjweaver.jar;C:\aspectj1.8\lib\org.aspectj.matcher.jar;G:\bin\javamop\lib\javamop-4.0-SNAPSHOT.jar;G:\bin\javamop\lib\jcommander-1.35.jar;G:\bin\javamop\lib\commons-lang3-3.0.jar;G:\bin\javamop\lib\commons-io-2.4.jar;
PATH=C:\Windows\system32;C:\Windows;C:\Windows\System32\Wbem;C:\Windows\System32\WindowsPowerShell\v1.0\;C:\Windows\System32\OpenSSH\;C:\Program Files\NVIDIA Corporation\NVIDIA NvDLISR;C:\Program Files (x86)\NVIDIA Corporation\PhysX\Common;C:\Program Files\dotnet\;C:\Program Files\Git\cmd;C:\Program Files (x86)\mingw32\bin;G:\utils\bin;C:\Program Files\nodejs\;G:\apache-maven\bin;C:\Program Files\Java\jdk1.8.0_271\bin;G:\IdeaProjects\java-semantics\bin;C:\MinGW\bin;C:\Python3;C:\Program Files\Kubernetes\Minikube;C:\Program Files\Microsoft VS Code\bin;C:\Program Files\PuTTY\;G:\bin\rv-monitor\bin;G:\bin\javamop\bin;C:\aspectj1.8\bin;C:\Program Files\Docker\Docker\resources\bin;C:\ProgramData\DockerDesktop\version-bin;G:\utils\dafny;C:\Python3\;C:\Python3\Scripts;E:\utils\Microsoft VS Code\bin;C:\Users\Alex\.dotnet\tools;C:\Users\Alex\go\bin;C:\Users\Alex\AppData\Roaming\npm;C:\Users\Alex\AppData\Local\GitHubDesktop\bin;;C:\Users\Alex\AppData\Local\Programs\Microsoft VS Code\bin;G:\VSCODE\bin;C:\Program Files\JetBrains\IntelliJ IDEA Community Edition 2020.1.4\bin;
USERNAME=Alex
OS=Windows_NT
PROCESSOR_IDENTIFIER=Intel64 Family 6 Model 165 Stepping 5, GenuineIntel



---------------  S Y S T E M  ---------------

OS: Windows 10.0 , 64 bit Build 19041 (10.0.19041.1466)

CPU:total 16 (initial active 16) (8 cores per cpu, 2 threads per core) family 6 model 165 stepping 5, cmov, cx8, fxsr, mmx, sse, sse2, sse3, ssse3, sse4.1, sse4.2, popcnt, avx, avx2, aes, clmul, erms, 3dnowpref, lzcnt, ht, tsc, tscinvbit, bmi1, bmi2, adx

Memory: 4k page, physical 16509896k(9115784k free), swap 29617096k(18169140k free)

vm_info: OpenJDK 64-Bit Server VM (25.275-b01) for windows-amd64 JRE (1.8.0_275-b01), built on Nov  5 2020 05:17:06 by "Administrator" with MS VC++ 10.0 (VS2010)

time: Wed Jan 26 15:59:50 2022
timezone: GTB Standard Time
elapsed time: 93.295082 seconds (0d 0h 1m 33s)

