#
# A fatal error has been detected by the Java Runtime Environment:
#
#  EXCEPTION_ACCESS_VIOLATION (0xc0000005) at pc=0x0000000003177f94, pid=25572, tid=0x0000000000006cc0
#
# JRE version: OpenJDK Runtime Environment (8.0_275-b01) (build 1.8.0_275-b01)
# Java VM: OpenJDK 64-Bit Server VM (25.275-b01 mixed mode windows-amd64 compressed oops)
# Problematic frame:
# 
[error occurred during error reporting (printing problematic frame), id 0xc0000005]

# Failed to write core dump. Minidumps are not enabled by default on client versions of Windows
#
# If you would like to submit a bug report, please include
# instructions on how to reproduce the bug and visit:
#   http://bugreport.java.com/bugreport/crash.jsp
#

---------------  T H R E A D  ---------------

Current thread is native thread

siginfo: ExceptionCode=0xc0000005, reading address 0xfffffffffffffff0

Registers:
RAX=0x0000000003177f94, RBX=0x00007ffd256c9e20, RCX=0x000000002217ea80, RDX=0x0000000000000001
RSP=0x000000002070faa8, RBP=0x0000000000000000, RSI=0x0000000000000000, RDI=0x0000000000000002
R8 =0x0000000000000002, R9 =0x000000002070fab8, R10=0x0000000000000013, R11=0x0000000000000246
R12=0x0000000000000000, R13=0x0000000000000000, R14=0x0000000000000000, R15=0x0000000000000000
RIP=0x0000000003177f94, EFLAGS=0x0000000000010202

Top of Stack: (sp=0x000000002070faa8)
0x000000002070faa8:   00007ffd256c9e46 0000000000000000
0x000000002070fab8:   0000000000000000 0000000000000000
0x000000002070fac8:   0000000000000000 0000000000000002
0x000000002070fad8:   00007ffd93381564 0000000000000000
0x000000002070fae8:   0000000000000000 00007ffd256c9e20
0x000000002070faf8:   0000000000000000 0000000000000003
0x000000002070fb08:   00007ffd934cb9d3 0000000000000000
0x000000002070fb18:   0000000000000002 0000000000000000
0x000000002070fb28:   0000000000000000 0000000000000004
0x000000002070fb38:   0000000000000000 0000000000000000
0x000000002070fb48:   0000000000000000 0000000000000000
0x000000002070fb58:   0000000000000000 0000000000000000
0x000000002070fb68:   0000000000000000 0000000000000000
0x000000002070fb78:   0000000000000000 0000000000000000
0x000000002070fb88:   0000000000000000 0000000000000000
0x000000002070fb98:   0000000000000000 0000000000000000 

Instructions: (pc=0x0000000003177f94)
0x0000000003177f74:   e3 ff 00 00 00 48 8d 24 dc 41 0f b6 5d 03 49 83
0x0000000003177f84:   c5 03 49 ba 30 7b 26 68 00 00 00 00 41 ff 24 da
0x0000000003177f94:   48 8b 65 f0 48 c7 45 f0 00 00 00 00 4c 8b 6d c8
0x0000000003177fa4:   4c 8b 75 d0 48 8b 5d e0 48 85 db 0f 84 82 00 00 


Register to memory mapping:

RAX=0x0000000003177f94 is at code_begin+1876 in an Interpreter codelet
invoke return entry points  [0x0000000003177840, 0x0000000003178220]  2528 bytes
RBX=0x00007ffd256c9e20 is an unknown value
RCX=0x000000002217ea80 is pointing into the stack for thread: 0x0000000021c04800
RDX=0x0000000000000001 is an unknown value
RSP=0x000000002070faa8 is an unknown value
RBP=0x0000000000000000 is an unknown value
RSI=0x0000000000000000 is an unknown value
RDI=0x0000000000000002 is an unknown value
R8 =0x0000000000000002 is an unknown value
R9 =0x000000002070fab8 is an unknown value
R10=0x0000000000000013 is an unknown value
R11=0x0000000000000246 is an unknown value
R12=0x0000000000000000 is an unknown value
R13=0x0000000000000000 is an unknown value
R14=0x0000000000000000 is an unknown value
R15=0x0000000000000000 is an unknown value


Stack: [0x0000000020610000,0x0000000020710000],  sp=0x000000002070faa8,  free space=1022k
Native frames: (J=compiled Java code, j=interpreted, Vv=VM code, C=native code)


---------------  P R O C E S S  ---------------

VM state:not at safepoint (normal execution)

VM Mutex/Monitor currently owned by a thread: None

heap address: 0x00000006c4000000, size: 4032 MB, Compressed Oops mode: Zero based, Oop shift amount: 3
Narrow klass base: 0x0000000000000000, Narrow klass shift: 3
Compressed class space size: 1073741824 Address: 0x00000007c0000000

Heap:
 PSYoungGen      total 578048K, used 103651K [0x000000076c000000, 0x00000007abe00000, 0x00000007c0000000)
  eden space 491520K, 3% used [0x000000076c000000,0x000000076d1cb7f8,0x000000078a000000)
  from space 86528K, 98% used [0x000000078a000000,0x000000078f36d7c8,0x000000078f480000)
  to   space 130048K, 0% used [0x00000007a3f00000,0x00000007a3f00000,0x00000007abe00000)
 ParOldGen       total 342016K, used 173671K [0x00000006c4000000, 0x00000006d8e00000, 0x000000076c000000)
  object space 342016K, 50% used [0x00000006c4000000,0x00000006ce999d10,0x00000006d8e00000)
 Metaspace       used 8759K, capacity 8948K, committed 9216K, reserved 1056768K
  class space    used 1151K, capacity 1214K, committed 1280K, reserved 1048576K

Card table byte_map: [0x0000000012530000,0x0000000012d20000] byte_map_base: 0x000000000ef10000

Marking Bits: (ParMarkBitMap*) 0x000000006827a830
 Begin Bits: [0x0000000013f60000, 0x0000000017e60000)
 End Bits:   [0x0000000017e60000, 0x000000001bd60000)

Polling page: 0x00000000014d0000

CodeCache: size=245760Kb used=8371Kb max_used=8384Kb free=237388Kb
 bounds [0x0000000003170000, 0x00000000039b0000, 0x0000000012170000]
 total_blobs=1823 nmethods=1455 adapters=286
 compilation: enabled

Compilation events (10 events):
Event: 3.613 Thread 0x000000001eb93000 nmethod 1453 0x00000000038ee690 code [0x00000000038ee840, 0x00000000038eee20]
Event: 3.615 Thread 0x000000001eb71800 1455       4       com.microsoft.z3.AST::<init> (7 bytes)
Event: 3.618 Thread 0x000000001eb8d000 nmethod 1454 0x0000000003889ad0 code [0x0000000003889d00, 0x000000000388a900]
Event: 3.620 Thread 0x000000001eb71800 nmethod 1455 0x0000000003892390 code [0x0000000003892540, 0x0000000003892b20]
Event: 3.623 Thread 0x000000001ebc5800 1456       4       com.microsoft.z3.Sort::<init> (7 bytes)
Event: 3.632 Thread 0x000000001ebc5800 nmethod 1456 0x0000000003885210 code [0x0000000003885440, 0x0000000003886040]
Event: 4.382 Thread 0x000000001eb72000 1457 %     4       java.lang.ref.Reference$ReferenceHandler::run @ 0 (8 bytes)
Event: 4.383 Thread 0x000000001eb72000 nmethod 1457% 0x0000000003893990 code [0x0000000003893ae0, 0x0000000003893b88]
Event: 7.070 Thread 0x000000001eb86800 1458       4       ast.AST::getAttribute (34 bytes)
Event: 7.074 Thread 0x000000001eb86800 nmethod 1458 0x00000000038944d0 code [0x0000000003894660, 0x0000000003894d58]

GC Heap History (10 events):
Event: 2.078 GC heap before
{Heap before GC invocations=6 (full 0):
 PSYoungGen      total 139776K, used 139744K [0x000000076c000000, 0x000000077f900000, 0x00000007c0000000)
  eden space 129024K, 100% used [0x000000076c000000,0x0000000773e00000,0x0000000773e00000)
  from space 10752K, 99% used [0x0000000773e00000,0x0000000774878050,0x0000000774880000)
  to   space 31232K, 0% used [0x000000077da80000,0x000000077da80000,0x000000077f900000)
 ParOldGen       total 172032K, used 33672K [0x00000006c4000000, 0x00000006ce800000, 0x000000076c000000)
  object space 172032K, 19% used [0x00000006c4000000,0x00000006c60e2000,0x00000006ce800000)
 Metaspace       used 8756K, capacity 8948K, committed 9216K, reserved 1056768K
  class space    used 1151K, capacity 1214K, committed 1280K, reserved 1048576K
Event: 2.087 GC heap after
Heap after GC invocations=6 (full 0):
 PSYoungGen      total 286208K, used 11928K [0x000000076c000000, 0x000000077f600000, 0x00000007c0000000)
  eden space 258048K, 0% used [0x000000076c000000,0x000000076c000000,0x000000077bc00000)
  from space 28160K, 42% used [0x000000077da80000,0x000000077e6260d0,0x000000077f600000)
  to   space 29696K, 0% used [0x000000077bc00000,0x000000077bc00000,0x000000077d900000)
 ParOldGen       total 172032K, used 33680K [0x00000006c4000000, 0x00000006ce800000, 0x000000076c000000)
  object space 172032K, 19% used [0x00000006c4000000,0x00000006c60e4000,0x00000006ce800000)
 Metaspace       used 8756K, capacity 8948K, committed 9216K, reserved 1056768K
  class space    used 1151K, capacity 1214K, committed 1280K, reserved 1048576K
}
Event: 3.886 GC heap before
{Heap before GC invocations=7 (full 0):
 PSYoungGen      total 286208K, used 269976K [0x000000076c000000, 0x000000077f600000, 0x00000007c0000000)
  eden space 258048K, 100% used [0x000000076c000000,0x000000077bc00000,0x000000077bc00000)
  from space 28160K, 42% used [0x000000077da80000,0x000000077e6260d0,0x000000077f600000)
  to   space 29696K, 0% used [0x000000077bc00000,0x000000077bc00000,0x000000077d900000)
 ParOldGen       total 172032K, used 33680K [0x00000006c4000000, 0x00000006ce800000, 0x000000076c000000)
  object space 172032K, 19% used [0x00000006c4000000,0x00000006c60e4000,0x00000006ce800000)
 Metaspace       used 8759K, capacity 8948K, committed 9216K, reserved 1056768K
  class space    used 1151K, capacity 1214K, committed 1280K, reserved 1048576K
Event: 3.927 GC heap after
Heap after GC invocations=7 (full 0):
 PSYoungGen      total 287744K, used 29664K [0x000000076c000000, 0x0000000793100000, 0x00000007c0000000)
  eden space 258048K, 0% used [0x000000076c000000,0x000000076c000000,0x000000077bc00000)
  from space 29696K, 99% used [0x000000077bc00000,0x000000077d8f8050,0x000000077d900000)
  to   space 61952K, 0% used [0x000000078f480000,0x000000078f480000,0x0000000793100000)
 ParOldGen       total 172032K, used 86886K [0x00000006c4000000, 0x00000006ce800000, 0x000000076c000000)
  object space 172032K, 50% used [0x00000006c4000000,0x00000006c94d9b10,0x00000006ce800000)
 Metaspace       used 8759K, capacity 8948K, committed 9216K, reserved 1056768K
  class space    used 1151K, capacity 1214K, committed 1280K, reserved 1048576K
}
Event: 4.263 GC heap before
{Heap before GC invocations=8 (full 0):
 PSYoungGen      total 287744K, used 287712K [0x000000076c000000, 0x0000000793100000, 0x00000007c0000000)
  eden space 258048K, 100% used [0x000000076c000000,0x000000077bc00000,0x000000077bc00000)
  from space 29696K, 99% used [0x000000077bc00000,0x000000077d8f8050,0x000000077d900000)
  to   space 61952K, 0% used [0x000000078f480000,0x000000078f480000,0x0000000793100000)
 ParOldGen       total 172032K, used 86886K [0x00000006c4000000, 0x00000006ce800000, 0x000000076c000000)
  object space 172032K, 50% used [0x00000006c4000000,0x00000006c94d9b10,0x00000006ce800000)
 Metaspace       used 8759K, capacity 8948K, committed 9216K, reserved 1056768K
  class space    used 1151K, capacity 1214K, committed 1280K, reserved 1048576K
Event: 4.378 GC heap after
Heap after GC invocations=8 (full 0):
 PSYoungGen      total 553472K, used 61920K [0x000000076c000000, 0x0000000796100000, 0x00000007c0000000)
  eden space 491520K, 0% used [0x000000076c000000,0x000000076c000000,0x000000078a000000)
  from space 61952K, 99% used [0x000000078f480000,0x00000007930f8040,0x0000000793100000)
  to   space 86528K, 0% used [0x000000078a000000,0x000000078a000000,0x000000078f480000)
 ParOldGen       total 172032K, used 116542K [0x00000006c4000000, 0x00000006ce800000, 0x000000076c000000)
  object space 172032K, 67% used [0x00000006c4000000,0x00000006cb1cfb10,0x00000006ce800000)
 Metaspace       used 8759K, capacity 8948K, committed 9216K, reserved 1056768K
  class space    used 1151K, capacity 1214K, committed 1280K, reserved 1048576K
}
Event: 5.147 GC heap before
{Heap before GC invocations=9 (full 0):
 PSYoungGen      total 553472K, used 553440K [0x000000076c000000, 0x0000000796100000, 0x00000007c0000000)
  eden space 491520K, 100% used [0x000000076c000000,0x000000078a000000,0x000000078a000000)
  from space 61952K, 99% used [0x000000078f480000,0x00000007930f8040,0x0000000793100000)
  to   space 86528K, 0% used [0x000000078a000000,0x000000078a000000,0x000000078f480000)
 ParOldGen       total 172032K, used 116542K [0x00000006c4000000, 0x00000006ce800000, 0x000000076c000000)
  object space 172032K, 67% used [0x00000006c4000000,0x00000006cb1cfb10,0x00000006ce800000)
 Metaspace       used 8759K, capacity 8948K, committed 9216K, reserved 1056768K
  class space    used 1151K, capacity 1214K, committed 1280K, reserved 1048576K
Event: 5.376 GC heap after
Heap after GC invocations=9 (full 0):
 PSYoungGen      total 578048K, used 86496K [0x000000076c000000, 0x00000007abe00000, 0x00000007c0000000)
  eden space 491520K, 0% used [0x000000076c000000,0x000000076c000000,0x000000078a000000)
  from space 86528K, 99% used [0x000000078a000000,0x000000078f478040,0x000000078f480000)
  to   space 130048K, 0% used [0x00000007a3f00000,0x00000007a3f00000,0x00000007abe00000)
 ParOldGen       total 185344K, used 185230K [0x00000006c4000000, 0x00000006cf500000, 0x000000076c000000)
  object space 185344K, 99% used [0x00000006c4000000,0x00000006cf4e3b10,0x00000006cf500000)
 Metaspace       used 8759K, capacity 8948K, committed 9216K, reserved 1056768K
  class space    used 1151K, capacity 1214K, committed 1280K, reserved 1048576K
}
Event: 5.376 GC heap before
{Heap before GC invocations=10 (full 1):
 PSYoungGen      total 578048K, used 86496K [0x000000076c000000, 0x00000007abe00000, 0x00000007c0000000)
  eden space 491520K, 0% used [0x000000076c000000,0x000000076c000000,0x000000078a000000)
  from space 86528K, 99% used [0x000000078a000000,0x000000078f478040,0x000000078f480000)
  to   space 130048K, 0% used [0x00000007a3f00000,0x00000007a3f00000,0x00000007abe00000)
 ParOldGen       total 185344K, used 185230K [0x00000006c4000000, 0x00000006cf500000, 0x000000076c000000)
  object space 185344K, 99% used [0x00000006c4000000,0x00000006cf4e3b10,0x00000006cf500000)
 Metaspace       used 8759K, capacity 8948K, committed 9216K, reserved 1056768K
  class space    used 1151K, capacity 1214K, committed 1280K, reserved 1048576K
Event: 7.068 GC heap after
Heap after GC invocations=10 (full 1):
 PSYoungGen      total 578048K, used 85429K [0x000000076c000000, 0x00000007abe00000, 0x00000007c0000000)
  eden space 491520K, 0% used [0x000000076c000000,0x000000076c000000,0x000000078a000000)
  from space 86528K, 98% used [0x000000078a000000,0x000000078f36d7c8,0x000000078f480000)
  to   space 130048K, 0% used [0x00000007a3f00000,0x00000007a3f00000,0x00000007abe00000)
 ParOldGen       total 342016K, used 173671K [0x00000006c4000000, 0x00000006d8e00000, 0x000000076c000000)
  object space 342016K, 50% used [0x00000006c4000000,0x00000006ce999d10,0x00000006d8e00000)
 Metaspace       used 8759K, capacity 8948K, committed 9216K, reserved 1056768K
  class space    used 1151K, capacity 1214K, committed 1280K, reserved 1048576K
}

Deoptimization events (10 events):
Event: 0.918 Thread 0x0000000021c04800 Uncommon trap: reason=unstable_if action=reinterpret pc=0x000000000361a5c0 method=org.antlr.v4.runtime.misc.Interval.of(II)Lorg/antlr/v4/runtime/misc/Interval; @ 13
Event: 0.923 Thread 0x0000000021c04800 Uncommon trap: reason=unstable_if action=reinterpret pc=0x00000000034ced80 method=java.lang.String.lastIndexOf([CII[CIII)I @ 66
Event: 0.929 Thread 0x0000000021c04800 Uncommon trap: reason=unstable_if action=reinterpret pc=0x00000000034a4cd8 method=java.lang.String.indexOf([CII[CIII)I @ 123
Event: 0.933 Thread 0x0000000021c04800 Uncommon trap: reason=unstable_if action=reinterpret pc=0x00000000035ebcd8 method=java.util.Arrays.equals([Ljava/lang/Object;[Ljava/lang/Object;)Z @ 2
Event: 1.057 Thread 0x0000000021c04800 Uncommon trap: reason=unstable_if action=reinterpret pc=0x0000000003654e58 method=java.util.HashMap.hash(Ljava/lang/Object;)I @ 1
Event: 1.057 Thread 0x0000000021c04800 Uncommon trap: reason=unstable_if action=reinterpret pc=0x0000000003608e28 method=java.util.IdentityHashMap.put(Ljava/lang/Object;Ljava/lang/Object;)Ljava/lang/Object; @ 38
Event: 1.177 Thread 0x0000000025382800 Uncommon trap: reason=unstable_if action=reinterpret pc=0x00000000037d86c0 method=com.microsoft.z3.IDecRefQueue.clear(Lcom/microsoft/z3/Context;)V @ 9
Event: 1.177 Thread 0x0000000021c04800 Uncommon trap: reason=unstable_if action=reinterpret pc=0x00000000037d86c0 method=com.microsoft.z3.IDecRefQueue.clear(Lcom/microsoft/z3/Context;)V @ 9
Event: 1.419 Thread 0x0000000025382800 Uncommon trap: reason=unstable_if action=reinterpret pc=0x00000000037c9f54 method=com.microsoft.z3.Context.checkContextMatch([Lcom/microsoft/z3/Z3Object;)V @ 1
Event: 1.419 Thread 0x0000000025382800 Uncommon trap: reason=unstable_if action=reinterpret pc=0x00000000037d23c4 method=com.microsoft.z3.Z3Object.arrayToNative([Lcom/microsoft/z3/Z3Object;)[J @ 1

Classes redefined (0 events):
No events

Internal exceptions (8 events):
Event: 0.023 Thread 0x0000000003074000 Exception <a 'java/lang/NoSuchMethodError': Method sun.misc.Unsafe.defineClass(Ljava/lang/String;[BII)Ljava/lang/Class; name or signature does not match> (0x000000076c008288) thrown at [C:\wsjdk\Corretto8Src\installers\windows\zip\corretto-build\buildRoot
Event: 0.023 Thread 0x0000000003074000 Exception <a 'java/lang/NoSuchMethodError': Method sun.misc.Unsafe.prefetchRead(Ljava/lang/Object;J)V name or signature does not match> (0x000000076c008570) thrown at [C:\wsjdk\Corretto8Src\installers\windows\zip\corretto-build\buildRoot\src\hotspot\src\s
Event: 0.595 Thread 0x0000000021c04800 Implicit null exception at 0x0000000003430ad8 to 0x0000000003430d75
Event: 0.953 Thread 0x0000000021c04800 Exception <a 'java/lang/NoSuchFieldError': method resolution failed> (0x000000076c6fc3a8) thrown at [C:\wsjdk\Corretto8Src\installers\windows\zip\corretto-build\buildRoot\src\hotspot\src\share\vm\prims\methodHandles.cpp, line 1169]
Event: 0.954 Thread 0x0000000021c04800 Exception <a 'java/lang/NoSuchFieldError': method resolution failed> (0x000000076c70ac90) thrown at [C:\wsjdk\Corretto8Src\installers\windows\zip\corretto-build\buildRoot\src\hotspot\src\share\vm\prims\methodHandles.cpp, line 1169]
Event: 1.057 Thread 0x0000000021c04800 Implicit null exception at 0x0000000003654b94 to 0x0000000003654e41
Event: 1.419 Thread 0x0000000025382800 Implicit null exception at 0x00000000037c9e4f to 0x00000000037c9f41
Event: 1.419 Thread 0x0000000025382800 Implicit null exception at 0x00000000037d22b0 to 0x00000000037d23b5

Events (10 events):
Event: 7.069 Executing VM operation: ChangeBreakpoints
Event: 7.069 Executing VM operation: ChangeBreakpoints done
Event: 7.069 Executing VM operation: ChangeBreakpoints
Event: 7.069 Executing VM operation: ChangeBreakpoints done
Event: 7.069 Executing VM operation: ChangeBreakpoints
Event: 7.069 Executing VM operation: ChangeBreakpoints done
Event: 7.069 Executing VM operation: ChangeBreakpoints
Event: 7.070 Executing VM operation: ChangeBreakpoints done
Event: 7.070 Thread 0x000000001e9f3000 Thread exited: 0x000000001e9f3000
Event: 7.070 Thread 0x000000001e9ef800 Thread exited: 0x000000001e9ef800


Dynamic libraries:
0x00007ff6be6e0000 - 0x00007ff6be715000 	C:\Users\Alex\.jdks\corretto-1.8.0_275\bin\java.exe
0x00007ffd95770000 - 0x00007ffd95965000 	C:\Windows\SYSTEM32\ntdll.dll
0x00007ffd95180000 - 0x00007ffd9523e000 	C:\Windows\System32\KERNEL32.DLL
0x00007ffd93440000 - 0x00007ffd93708000 	C:\Windows\System32\KERNELBASE.dll
0x00007ffd95300000 - 0x00007ffd953ac000 	C:\Windows\System32\ADVAPI32.dll
0x00007ffd95410000 - 0x00007ffd954ae000 	C:\Windows\System32\msvcrt.dll
0x00007ffd93e80000 - 0x00007ffd93f1b000 	C:\Windows\System32\sechost.dll
0x00007ffd938a0000 - 0x00007ffd939ca000 	C:\Windows\System32\RPCRT4.dll
0x00007ffd95510000 - 0x00007ffd956b1000 	C:\Windows\System32\USER32.dll
0x00007ffd92fd0000 - 0x00007ffd92ff2000 	C:\Windows\System32\win32u.dll
0x00007ffd93e50000 - 0x00007ffd93e7b000 	C:\Windows\System32\GDI32.dll
0x00007ffd93160000 - 0x00007ffd9326b000 	C:\Windows\System32\gdi32full.dll
0x00007ffd93270000 - 0x00007ffd9330d000 	C:\Windows\System32\msvcp_win.dll
0x00007ffd93310000 - 0x00007ffd93410000 	C:\Windows\System32\ucrtbase.dll
0x00007ffd7ab50000 - 0x00007ffd7adea000 	C:\Windows\WinSxS\amd64_microsoft.windows.common-controls_6595b64144ccf1df_6.0.19041.1110_none_60b5254171f9507e\COMCTL32.dll
0x00007ffd94980000 - 0x00007ffd949b0000 	C:\Windows\System32\IMM32.DLL
0x00000000696d0000 - 0x00000000697a2000 	C:\Users\Alex\.jdks\corretto-1.8.0_275\jre\bin\msvcr100.dll
0x0000000067a40000 - 0x00000000682fc000 	C:\Users\Alex\.jdks\corretto-1.8.0_275\jre\bin\server\jvm.dll
0x00007ffd95720000 - 0x00007ffd95728000 	C:\Windows\System32\PSAPI.DLL
0x00007ffd86120000 - 0x00007ffd86147000 	C:\Windows\SYSTEM32\WINMM.dll
0x00007ffd88990000 - 0x00007ffd8899a000 	C:\Windows\SYSTEM32\VERSION.dll
0x00007ffd77c70000 - 0x00007ffd77c79000 	C:\Windows\SYSTEM32\WSOCK32.dll
0x00007ffd95080000 - 0x00007ffd950eb000 	C:\Windows\System32\WS2_32.dll
0x00007ffd8a7c0000 - 0x00007ffd8a7cf000 	C:\Users\Alex\.jdks\corretto-1.8.0_275\jre\bin\verify.dll
0x00007ffd84be0000 - 0x00007ffd84c09000 	C:\Users\Alex\.jdks\corretto-1.8.0_275\jre\bin\java.dll
0x00007ffd7bc30000 - 0x00007ffd7bc65000 	C:\Users\Alex\.jdks\corretto-1.8.0_275\jre\bin\jdwp.dll
0x00007ffd84570000 - 0x00007ffd84578000 	C:\Users\Alex\.jdks\corretto-1.8.0_275\jre\bin\npt.dll
0x00007ffd4b9d0000 - 0x00007ffd4b9f3000 	C:\Users\Alex\.jdks\corretto-1.8.0_275\jre\bin\instrument.dll
0x00007ffd871d0000 - 0x00007ffd871e6000 	C:\Users\Alex\.jdks\corretto-1.8.0_275\jre\bin\zip.dll
0x00007ffd94170000 - 0x00007ffd948af000 	C:\Windows\System32\SHELL32.dll
0x00007ffd90c60000 - 0x00007ffd913f0000 	C:\Windows\SYSTEM32\windows.storage.dll
0x00007ffd939d0000 - 0x00007ffd93d25000 	C:\Windows\System32\combase.dll
0x00007ffd92730000 - 0x00007ffd9275e000 	C:\Windows\SYSTEM32\Wldp.dll
0x00007ffd940c0000 - 0x00007ffd9416d000 	C:\Windows\System32\SHCORE.dll
0x00007ffd956c0000 - 0x00007ffd95715000 	C:\Windows\System32\shlwapi.dll
0x00007ffd92dd0000 - 0x00007ffd92def000 	C:\Windows\SYSTEM32\profapi.dll
0x00007ffd7bc20000 - 0x00007ffd7bc29000 	C:\Users\Alex\.jdks\corretto-1.8.0_275\jre\bin\dt_socket.dll
0x00007ffd92510000 - 0x00007ffd9257a000 	C:\Windows\system32\mswsock.dll
0x00007ffd4b9b0000 - 0x00007ffd4b9cd000 	G:\IdeaProjects\java-semantics\bin\libz3java.dll
0x00007ffd79af0000 - 0x00007ffd79b09000 	C:\Windows\SYSTEM32\VCRUNTIME140.dll
0x00007ffd24bd0000 - 0x00007ffd25b65000 	G:\IdeaProjects\java-semantics\bin\libz3.dll
0x00007ffd79810000 - 0x00007ffd798a2000 	C:\Windows\SYSTEM32\MSVCP140.dll
0x00007ffd79800000 - 0x00007ffd7980c000 	C:\Windows\SYSTEM32\VCRUNTIME140_1.dll
0x00007ffd828a0000 - 0x00007ffd828bb000 	C:\Users\Alex\.jdks\corretto-1.8.0_275\jre\bin\net.dll
0x00007ffd7c080000 - 0x00007ffd7c092000 	C:\Users\Alex\.jdks\corretto-1.8.0_275\jre\bin\nio.dll

VM Arguments:
jvm_args: -agentlib:jdwp=transport=dt_socket,address=127.0.0.1:56889,suspend=y,server=n -javaagent:C:\Users\Alex\AppData\Local\JetBrains\Toolbox\apps\IDEA-C\ch-0\203.5981.155\plugins\java\lib\rt\debugger-agent.jar -Dfile.encoding=UTF-8 
java_command: main.ExecutionDriver -a G:\IdeaProjects\java-semantics\input\test6.alk -t -m -s
java_class_path (initial): C:\Users\Alex\.jdks\corretto-1.8.0_275\jre\lib\charsets.jar;C:\Users\Alex\.jdks\corretto-1.8.0_275\jre\lib\ext\access-bridge-64.jar;C:\Users\Alex\.jdks\corretto-1.8.0_275\jre\lib\ext\cldrdata.jar;C:\Users\Alex\.jdks\corretto-1.8.0_275\jre\lib\ext\dnsns.jar;C:\Users\Alex\.jdks\corretto-1.8.0_275\jre\lib\ext\jaccess.jar;C:\Users\Alex\.jdks\corretto-1.8.0_275\jre\lib\ext\jfxrt.jar;C:\Users\Alex\.jdks\corretto-1.8.0_275\jre\lib\ext\localedata.jar;C:\Users\Alex\.jdks\corretto-1.8.0_275\jre\lib\ext\nashorn.jar;C:\Users\Alex\.jdks\corretto-1.8.0_275\jre\lib\ext\sunec.jar;C:\Users\Alex\.jdks\corretto-1.8.0_275\jre\lib\ext\sunjce_provider.jar;C:\Users\Alex\.jdks\corretto-1.8.0_275\jre\lib\ext\sunmscapi.jar;C:\Users\Alex\.jdks\corretto-1.8.0_275\jre\lib\ext\sunpkcs11.jar;C:\Users\Alex\.jdks\corretto-1.8.0_275\jre\lib\ext\zipfs.jar;C:\Users\Alex\.jdks\corretto-1.8.0_275\jre\lib\jce.jar;C:\Users\Alex\.jdks\corretto-1.8.0_275\jre\lib\jfr.jar;C:\Users\Alex\.jdks\corretto-1.8.0_275\jre\lib\jfxswt.jar;C:\Users\Alex\.jdks\corretto-1.8.0_275\jre\lib\jsse.jar;C:\Users\Alex\.jdks\corretto-1.8.0_275\jre\lib\management-agent.jar;C:\Users\Alex\.jdks\corretto-1.8.0_275\jre\lib\resources.jar;C:\Users\Alex\.jdks\corretto-1.8.0_275\jre\lib\rt.jar;G:\IdeaProjects\java-semantics\target\classes;G:\IdeaProjects\java-semantics\lib\com.microsoft.z3.jar;C:\Users\Alex\.m2\repository\org\antlr\antlr4\4.7.1\antlr4-4.7.1.jar;C:\Users\Alex\.m2\repository\org\antlr\antlr4-runtime\4.7.1\antlr4-runtime-4.7.1.jar;C:\Users\Alex\.m2\repository\org\antlr\antlr-runtime\3.5.2\antlr-runtime-3.5.2.jar;C:\Users\Alex\.m2\repository\org\antlr\ST4\4.0.8\ST4-4.0.8.jar;C:\Users\Alex\.m2\repository\org\abego\treelayout\org.abego.treelayout.core\1.0.3\org.abego.treelayout.core-1.0.3.jar;C:\Users\Alex\.m2\repository\org\glassfish\javax.json\1.0.4\javax.json-1.0.4.jar;C:\Users\Alex\.m2\repository\com\ibm\icu\icu4j\58.2\icu4j-58.2.jar;C:\Users\Alex\.m2\repository\ch\obermuhlner\big-math\2.0.1\big-
Launcher Type: SUN_STANDARD

Environment Variables:
JAVA_HOME=C:\Program Files\Java\jdk1.8.0_271
CLASSPATH=G:\bin\rv-monitor\lib\rv-monitor-rt.jar;C:\aspectj1.8\lib\aspectjrt.jar;C:\aspectj1.8\lib\aspectjtools.jar;C:\aspectj1.8\lib\aspectjweaver.jar;C:\aspectj1.8\lib\org.aspectj.matcher.jar;G:\bin\javamop\lib\javamop-4.0-SNAPSHOT.jar;G:\bin\javamop\lib\jcommander-1.35.jar;G:\bin\javamop\lib\commons-lang3-3.0.jar;G:\bin\javamop\lib\commons-io-2.4.jar;
PATH=C:\Windows\system32;C:\Windows;C:\Windows\System32\Wbem;C:\Windows\System32\WindowsPowerShell\v1.0\;C:\Windows\System32\OpenSSH\;C:\Program Files\NVIDIA Corporation\NVIDIA NvDLISR;C:\Program Files (x86)\NVIDIA Corporation\PhysX\Common;C:\Program Files\dotnet\;C:\Program Files\Git\cmd;C:\Program Files (x86)\mingw32\bin;G:\utils\bin;C:\Program Files\nodejs\;G:\apache-maven\bin;C:\Program Files\Java\jdk1.8.0_271\bin;G:\IdeaProjects\java-semantics\bin;C:\MinGW\bin;C:\Python3;C:\Program Files\Kubernetes\Minikube;C:\Program Files\Microsoft VS Code\bin;C:\Program Files\PuTTY\;G:\bin\rv-monitor\bin;G:\bin\javamop\bin;C:\aspectj1.8\bin;;C:\Program Files\Docker\Docker\resources\bin;C:\ProgramData\DockerDesktop\version-bin;C:\Python3\;C:\Python3\Scripts;E:\utils\Microsoft VS Code\bin;C:\Users\Alex\.dotnet\tools;C:\Users\Alex\go\bin;C:\Users\Alex\AppData\Roaming\npm;C:\Users\Alex\AppData\Local\GitHubDesktop\bin;;C:\Users\Alex\AppData\Local\Programs\Microsoft VS Code\bin;G:\VSCODE\bin;C:\Program Files\JetBrains\IntelliJ IDEA Community Edition 2020.1.4\bin;
USERNAME=Alex
OS=Windows_NT
PROCESSOR_IDENTIFIER=Intel64 Family 6 Model 165 Stepping 5, GenuineIntel



---------------  S Y S T E M  ---------------

OS: Windows 10.0 , 64 bit Build 19041 (10.0.19041.1348)

CPU:total 16 (initial active 16) (8 cores per cpu, 2 threads per core) family 6 model 165 stepping 5, cmov, cx8, fxsr, mmx, sse, sse2, sse3, ssse3, sse4.1, sse4.2, popcnt, avx, avx2, aes, clmul, erms, 3dnowpref, lzcnt, ht, tsc, tscinvbit, bmi1, bmi2, adx

Memory: 4k page, physical 16509896k(5699308k free), swap 31714248k(13447156k free)

vm_info: OpenJDK 64-Bit Server VM (25.275-b01) for windows-amd64 JRE (1.8.0_275-b01), built on Nov  5 2020 05:17:06 by "Administrator" with MS VC++ 10.0 (VS2010)

time: Thu Dec 16 16:03:50 2021
timezone: GTB Standard Time
elapsed time: 7.106402 seconds (0d 0h 0m 7s)

