-Xajruntimetarget:1.5
-1.8
-source
1.8
-target
1.8
-classpath
C:\Users\Alex\.m2\repository\org\antlr\antlr4\4.7.1\antlr4-4.7.1.jar;C:\Users\Alex\.m2\repository\ch\obermuhlner\big-math\2.0.1\big-math-2.0.1.jar;C:\Users\Alex\.m2\repository\commons-cli\commons-cli\1.4\commons-cli-1.4.jar;C:\Users\Alex\.m2\repository\org\junit\jupiter\junit-jupiter-api\5.4.2\junit-jupiter-api-5.4.2.jar;C:\Users\Alex\.m2\repository\org\junit\jupiter\junit-jupiter-engine\5.4.2\junit-jupiter-engine-5.4.2.jar;C:\Users\Alex\.m2\repository\org\springframework\spring-context\4.3.2.RELEASE\spring-context-4.3.2.RELEASE.jar;C:\Users\Alex\.m2\repository\org\springframework\spring-context-support\4.3.2.RELEASE\spring-context-support-4.3.2.RELEASE.jar;C:\Users\Alex\.m2\repository\org\springframework\spring-aop\4.3.2.RELEASE\spring-aop-4.3.2.RELEASE.jar;C:\Users\Alex\.m2\repository\org\aspectj\aspectjrt\1.8.13\aspectjrt-1.8.13.jar;C:\Users\Alex\.m2\repository\org\aspectj\aspectjweaver\1.8.13\aspectjweaver-1.8.13.jar;C:\Users\Alex\.m2\repository\org\antlr\antlr4-runtime\4.7.1\antlr4-runtime-4.7.1.jar;C:\Users\Alex\.m2\repository\org\antlr\antlr-runtime\3.5.2\antlr-runtime-3.5.2.jar;C:\Users\Alex\.m2\repository\org\antlr\ST4\4.0.8\ST4-4.0.8.jar;C:\Users\Alex\.m2\repository\org\abego\treelayout\org.abego.treelayout.core\1.0.3\org.abego.treelayout.core-1.0.3.jar;C:\Users\Alex\.m2\repository\org\glassfish\javax.json\1.0.4\javax.json-1.0.4.jar;C:\Users\Alex\.m2\repository\com\ibm\icu\icu4j\58.2\icu4j-58.2.jar;C:\Users\Alex\.m2\repository\org\springframework\spring-beans\4.3.2.RELEASE\spring-beans-4.3.2.RELEASE.jar;C:\Users\Alex\.m2\repository\org\springframework\spring-core\4.3.2.RELEASE\spring-core-4.3.2.RELEASE.jar;C:\Users\Alex\.m2\repository\commons-logging\commons-logging\1.2\commons-logging-1.2.jar;C:\Users\Alex\.m2\repository\org\springframework\spring-expression\4.3.2.RELEASE\spring-expression-4.3.2.RELEASE.jar;G:\facultate\ALK\java-semantics\target\classes
-d
G:\facultate\ALK\java-semantics\target\classes
G:\facultate\ALK\java-semantics\src\main\java\analysis\Analysis.java
G:\facultate\ALK\java-semantics\src\main\java\ast\AdditiveAST.java
G:\facultate\ALK\java-semantics\src\main\java\ast\ArrayAST.java
G:\facultate\ALK\java-semantics\src\main\java\ast\AST.java
G:\facultate\ALK\java-semantics\src\main\java\ast\ASTStack.java
G:\facultate\ALK\java-semantics\src\main\java\ast\attr\ASTAttr.java
G:\facultate\ALK\java-semantics\src\main\java\ast\attr\OpsASTAttr.java
G:\facultate\ALK\java-semantics\src\main\java\ast\BitwiseAndAST.java
G:\facultate\ALK\java-semantics\src\main\java\ast\BitwiseOrAST.java
G:\facultate\ALK\java-semantics\src\main\java\ast\BoolAST.java
G:\facultate\ALK\java-semantics\src\main\java\ast\BracketAST.java
G:\facultate\ALK\java-semantics\src\main\java\ast\ComponentAST.java
G:\facultate\ALK\java-semantics\src\main\java\ast\ConditionalExprAST.java
G:\facultate\ALK\java-semantics\src\main\java\ast\CtxState.java
G:\facultate\ALK\java-semantics\src\main\java\ast\EqualityAST.java
G:\facultate\ALK\java-semantics\src\main\java\ast\FloatAST.java
G:\facultate\ALK\java-semantics\src\main\java\ast\IdASTAttr.java
G:\facultate\ALK\java-semantics\src\main\java\ast\InExprAST.java
G:\facultate\ALK\java-semantics\src\main\java\ast\IntAST.java
G:\facultate\ALK\java-semantics\src\main\java\ast\ListAST.java
G:\facultate\ALK\java-semantics\src\main\java\ast\LogicalAndAST.java
G:\facultate\ALK\java-semantics\src\main\java\ast\LogicalOrAST.java
G:\facultate\ALK\java-semantics\src\main\java\ast\MultiplicativeAST.java
G:\facultate\ALK\java-semantics\src\main\java\ast\OperatorUtils.java
G:\facultate\ALK\java-semantics\src\main\java\ast\Payload.java
G:\facultate\ALK\java-semantics\src\main\java\ast\PostfixAST.java
G:\facultate\ALK\java-semantics\src\main\java\ast\PrefixAST.java
G:\facultate\ALK\java-semantics\src\main\java\ast\RefIDAST.java
G:\facultate\ALK\java-semantics\src\main\java\ast\RelationalAST.java
G:\facultate\ALK\java-semantics\src\main\java\ast\RepresentationASTAttr.java
G:\facultate\ALK\java-semantics\src\main\java\ast\Result.java
G:\facultate\ALK\java-semantics\src\main\java\ast\SetAST.java
G:\facultate\ALK\java-semantics\src\main\java\ast\SetExprAST.java
G:\facultate\ALK\java-semantics\src\main\java\ast\ShiftAST.java
G:\facultate\ALK\java-semantics\src\main\java\ast\SimpleToken.java
G:\facultate\ALK\java-semantics\src\main\java\ast\state\IndependentSingleState.java
G:\facultate\ALK\java-semantics\src\main\java\ast\State.java
G:\facultate\ALK\java-semantics\src\main\java\ast\StateFactory.java
G:\facultate\ALK\java-semantics\src\main\java\ast\StringAST.java
G:\facultate\ALK\java-semantics\src\main\java\ast\StructAST.java
G:\facultate\ALK\java-semantics\src\main\java\ast\UnaryAST.java
G:\facultate\ALK\java-semantics\src\main\java\control\CFGBuilder.java
G:\facultate\ALK\java-semantics\src\main\java\control\CFGDriver.java
G:\facultate\ALK\java-semantics\src\main\java\control\CFGNodeImpl.java
G:\facultate\ALK\java-semantics\src\main\java\control\CFGProvider.java
G:\facultate\ALK\java-semantics\src\main\java\control\ControlFlowGraph.java
G:\facultate\ALK\java-semantics\src\main\java\control\CSGraph.java
G:\facultate\ALK\java-semantics\src\main\java\control\extractor\CFGVisitor.java
G:\facultate\ALK\java-semantics\src\main\java\control\extractor\Extractor.java
G:\facultate\ALK\java-semantics\src\main\java\control\extractor\VarsBulkExtractor.java
G:\facultate\ALK\java-semantics\src\main\java\control\IntraproceduralCFG.java
G:\facultate\ALK\java-semantics\src\main\java\control\parser\CFGPayload.java
G:\facultate\ALK\java-semantics\src\main\java\control\parser\CFGProxyState.java
G:\facultate\ALK\java-semantics\src\main\java\control\parser\CFGResult.java
G:\facultate\ALK\java-semantics\src\main\java\control\parser\CFGStack.java
G:\facultate\ALK\java-semantics\src\main\java\control\parser\CFGState.java
G:\facultate\ALK\java-semantics\src\main\java\control\parser\states\DoWhileState.java
G:\facultate\ALK\java-semantics\src\main\java\control\parser\states\ForState.java
G:\facultate\ALK\java-semantics\src\main\java\control\parser\states\IfStmtState.java
G:\facultate\ALK\java-semantics\src\main\java\control\parser\states\MainState.java
G:\facultate\ALK\java-semantics\src\main\java\control\parser\states\StatementSeqState.java
G:\facultate\ALK\java-semantics\src\main\java\control\parser\states\TerminalState.java
G:\facultate\ALK\java-semantics\src\main\java\control\parser\states\WhileState.java
G:\facultate\ALK\java-semantics\src\main\java\control\parser\visitors\MainVisitor.java
G:\facultate\ALK\java-semantics\src\main\java\control\parser\visitors\StmtVisitor.java
G:\facultate\ALK\java-semantics\src\main\java\dataflow\CFG.java
G:\facultate\ALK\java-semantics\src\main\java\dataflow\CFGNode.java
G:\facultate\ALK\java-semantics\src\main\java\dataflow\cpropag\CPropagDriver.java
G:\facultate\ALK\java-semantics\src\main\java\dataflow\cpropag\CPropagLatticeBuilder.java
G:\facultate\ALK\java-semantics\src\main\java\dataflow\cpropag\CPropagTransferFunction.java
G:\facultate\ALK\java-semantics\src\main\java\dataflow\cpropag\VarValueLattice.java
G:\facultate\ALK\java-semantics\src\main\java\dataflow\Dataflow.java
G:\facultate\ALK\java-semantics\src\main\java\dataflow\domain\VariableSet.java
G:\facultate\ALK\java-semantics\src\main\java\dataflow\domain\VarValue.java
G:\facultate\ALK\java-semantics\src\main\java\dataflow\Domain.java
G:\facultate\ALK\java-semantics\src\main\java\dataflow\Iota.java
G:\facultate\ALK\java-semantics\src\main\java\dataflow\lattice\LatticeBuilder.java
G:\facultate\ALK\java-semantics\src\main\java\dataflow\Lattice.java
G:\facultate\ALK\java-semantics\src\main\java\dataflow\lvars\LVarsDriver.java
G:\facultate\ALK\java-semantics\src\main\java\dataflow\lvars\LVarsLatticeBuilder.java
G:\facultate\ALK\java-semantics\src\main\java\dataflow\lvars\LVarsTransferFunction.java
G:\facultate\ALK\java-semantics\src\main\java\dataflow\lvars\ReversedCFG.java
G:\facultate\ALK\java-semantics\src\main\java\dataflow\lvars\VarSetLattice.java
G:\facultate\ALK\java-semantics\src\main\java\dataflow\TransferFunction.java
G:\facultate\ALK\java-semantics\src\main\java\dataflow\worklist\Worklist.java
G:\facultate\ALK\java-semantics\src\main\java\dataflow\worklist\WorklistFlow.java
G:\facultate\ALK\java-semantics\src\main\java\execution\EnvironmentManager.java
G:\facultate\ALK\java-semantics\src\main\java\execution\Execution.java
G:\facultate\ALK\java-semantics\src\main\java\execution\ExecutionCloner.java
G:\facultate\ALK\java-semantics\src\main\java\execution\ExecutionPayload.java
G:\facultate\ALK\java-semantics\src\main\java\execution\ExecutionResult.java
G:\facultate\ALK\java-semantics\src\main\java\execution\ExecutionStack.java
G:\facultate\ALK\java-semantics\src\main\java\execution\exhaustive\EnvironmentMapper.java
G:\facultate\ALK\java-semantics\src\main\java\execution\exhaustive\ExecutionStateMapper.java
G:\facultate\ALK\java-semantics\src\main\java\execution\exhaustive\NameMapper.java
G:\facultate\ALK\java-semantics\src\main\java\execution\exhaustive\SplitMapper.java
G:\facultate\ALK\java-semantics\src\main\java\execution\helpers\Convertors.java
G:\facultate\ALK\java-semantics\src\main\java\execution\helpers\MathHelper.java
G:\facultate\ALK\java-semantics\src\main\java\execution\helpers\NonDeterministic.java
G:\facultate\ALK\java-semantics\src\main\java\execution\parser\AlkParser.java
G:\facultate\ALK\java-semantics\src\main\java\execution\parser\constants\Constants.java
G:\facultate\ALK\java-semantics\src\main\java\execution\parser\env\AlkFunction.java
G:\facultate\ALK\java-semantics\src\main\java\execution\parser\env\Environment.java
G:\facultate\ALK\java-semantics\src\main\java\execution\parser\env\EnvironmentImpl.java
G:\facultate\ALK\java-semantics\src\main\java\execution\parser\env\EnvironmentProxy.java
G:\facultate\ALK\java-semantics\src\main\java\execution\parser\env\Location.java
G:\facultate\ALK\java-semantics\src\main\java\execution\parser\env\LocationMapper.java
G:\facultate\ALK\java-semantics\src\main\java\execution\parser\env\Store.java
G:\facultate\ALK\java-semantics\src\main\java\execution\parser\env\StoreImpl.java
G:\facultate\ALK\java-semantics\src\main\java\execution\parser\exceptions\AlkException.java
G:\facultate\ALK\java-semantics\src\main\java\execution\parser\exceptions\AlkWarning.java
G:\facultate\ALK\java-semantics\src\main\java\execution\parser\exceptions\BreakException.java
G:\facultate\ALK\java-semantics\src\main\java\execution\parser\exceptions\ContinueException.java
G:\facultate\ALK\java-semantics\src\main\java\execution\parser\exceptions\FailureException.java
G:\facultate\ALK\java-semantics\src\main\java\execution\parser\exceptions\IdNotInEnvironmentException.java
G:\facultate\ALK\java-semantics\src\main\java\execution\parser\exceptions\InterpretorException.java
G:\facultate\ALK\java-semantics\src\main\java\execution\parser\exceptions\ReturnException.java
G:\facultate\ALK\java-semantics\src\main\java\execution\parser\exceptions\SuccessException.java
G:\facultate\ALK\java-semantics\src\main\java\execution\parser\exceptions\UnwindException.java
G:\facultate\ALK\java-semantics\src\main\java\execution\parser\visitors\expression\ExpressionVisitor.java
G:\facultate\ALK\java-semantics\src\main\java\execution\parser\visitors\function\FunctionCallVisitor.java
G:\facultate\ALK\java-semantics\src\main\java\execution\parser\visitors\InitVisitor.java
G:\facultate\ALK\java-semantics\src\main\java\execution\parser\visitors\MainVisitor.java
G:\facultate\ALK\java-semantics\src\main\java\execution\parser\visitors\ReferenceVisitor.java
G:\facultate\ALK\java-semantics\src\main\java\execution\parser\visitors\StmtVisitor.java
G:\facultate\ALK\java-semantics\src\main\java\execution\parser\visitors\structure\ArrayVisitor.java
G:\facultate\ALK\java-semantics\src\main\java\execution\parser\visitors\structure\DataStructureVisitor.java
G:\facultate\ALK\java-semantics\src\main\java\execution\parser\visitors\structure\ListVisitor.java
G:\facultate\ALK\java-semantics\src\main\java\execution\parser\visitors\structure\SetVisitor.java
G:\facultate\ALK\java-semantics\src\main\java\execution\parser\visitors\structure\StructureVisitor.java
G:\facultate\ALK\java-semantics\src\main\java\execution\PreProcessing.java
G:\facultate\ALK\java-semantics\src\main\java\execution\state\ExecutionState.java
G:\facultate\ALK\java-semantics\src\main\java\execution\state\expression\AdditiveExpressionState.java
G:\facultate\ALK\java-semantics\src\main\java\execution\state\expression\BitwiseAndExpressionState.java
G:\facultate\ALK\java-semantics\src\main\java\execution\state\expression\BitwiseOrExpressionState.java
G:\facultate\ALK\java-semantics\src\main\java\execution\state\expression\BoolValueState.java
G:\facultate\ALK\java-semantics\src\main\java\execution\state\expression\ConditionalExpressionState.java
G:\facultate\ALK\java-semantics\src\main\java\execution\state\expression\EqualityExpressionState.java
G:\facultate\ALK\java-semantics\src\main\java\execution\state\expression\FloatValueState.java
G:\facultate\ALK\java-semantics\src\main\java\execution\state\expression\InExpressionState.java
G:\facultate\ALK\java-semantics\src\main\java\execution\state\expression\IntValueState.java
G:\facultate\ALK\java-semantics\src\main\java\execution\state\expression\LogicalAndExpressionState.java
G:\facultate\ALK\java-semantics\src\main\java\execution\state\expression\LogicalOrExpressionState.java
G:\facultate\ALK\java-semantics\src\main\java\execution\state\expression\MultiplicativeExpressionState.java
G:\facultate\ALK\java-semantics\src\main\java\execution\state\expression\PostfixExpressionState.java
G:\facultate\ALK\java-semantics\src\main\java\execution\state\expression\PrefixExpressionState.java
G:\facultate\ALK\java-semantics\src\main\java\execution\state\expression\RefNameFactorState.java
G:\facultate\ALK\java-semantics\src\main\java\execution\state\expression\RelationalExpressionState.java
G:\facultate\ALK\java-semantics\src\main\java\execution\state\expression\SetExpressionState.java
G:\facultate\ALK\java-semantics\src\main\java\execution\state\expression\ShiftExpressionState.java
G:\facultate\ALK\java-semantics\src\main\java\execution\state\expression\StringValueState.java
G:\facultate\ALK\java-semantics\src\main\java\execution\state\expression\ToPostfixExpressionState.java
G:\facultate\ALK\java-semantics\src\main\java\execution\state\expression\UnaryExpressionState.java
G:\facultate\ALK\java-semantics\src\main\java\execution\state\FinalCheckLoopingState.java
G:\facultate\ALK\java-semantics\src\main\java\execution\state\function\BuiltInFunctionState.java
G:\facultate\ALK\java-semantics\src\main\java\execution\state\function\BuiltInMethodState.java
G:\facultate\ALK\java-semantics\src\main\java\execution\state\function\DefinedFunctionCallState.java
G:\facultate\ALK\java-semantics\src\main\java\execution\state\function\FunctionCallState.java
G:\facultate\ALK\java-semantics\src\main\java\execution\state\function\FunctionDeclState.java
G:\facultate\ALK\java-semantics\src\main\java\execution\state\function\ParamDefinitionState.java
G:\facultate\ALK\java-semantics\src\main\java\execution\state\function\ReturnState.java
G:\facultate\ALK\java-semantics\src\main\java\execution\state\GatewaySingleState.java
G:\facultate\ALK\java-semantics\src\main\java\execution\state\GeneratorState.java
G:\facultate\ALK\java-semantics\src\main\java\execution\state\GuardedGeneratorState.java
G:\facultate\ALK\java-semantics\src\main\java\execution\state\IndependentGeneratorState.java
G:\facultate\ALK\java-semantics\src\main\java\execution\state\IndependentSingleState.java
G:\facultate\ALK\java-semantics\src\main\java\execution\state\init\InitState.java
G:\facultate\ALK\java-semantics\src\main\java\execution\state\init\VarSeqState.java
G:\facultate\ALK\java-semantics\src\main\java\execution\state\init\VarState.java
G:\facultate\ALK\java-semantics\src\main\java\execution\state\LoopingState.java
G:\facultate\ALK\java-semantics\src\main\java\execution\state\main\MainState.java
G:\facultate\ALK\java-semantics\src\main\java\execution\state\main\StatementSeqState.java
G:\facultate\ALK\java-semantics\src\main\java\execution\state\PrimitiveState.java
G:\facultate\ALK\java-semantics\src\main\java\execution\state\reference\FactorArray.java
G:\facultate\ALK\java-semantics\src\main\java\execution\state\reference\FactorPointID.java
G:\facultate\ALK\java-semantics\src\main\java\execution\state\reference\FactorPointMethod.java
G:\facultate\ALK\java-semantics\src\main\java\execution\state\reference\RefIDState.java
G:\facultate\ALK\java-semantics\src\main\java\execution\state\reference\ToBaseFactor.java
G:\facultate\ALK\java-semantics\src\main\java\execution\state\SingleState.java
G:\facultate\ALK\java-semantics\src\main\java\execution\state\statement\AssignmentStmtState.java
G:\facultate\ALK\java-semantics\src\main\java\execution\state\statement\BlockState.java
G:\facultate\ALK\java-semantics\src\main\java\execution\state\statement\BreakState.java
G:\facultate\ALK\java-semantics\src\main\java\execution\state\statement\ChooseStmtState.java
G:\facultate\ALK\java-semantics\src\main\java\execution\state\statement\ContinueState.java
G:\facultate\ALK\java-semantics\src\main\java\execution\state\statement\DoWhileState.java
G:\facultate\ALK\java-semantics\src\main\java\execution\state\statement\FailureState.java
G:\facultate\ALK\java-semantics\src\main\java\execution\state\statement\ForEachState.java
G:\facultate\ALK\java-semantics\src\main\java\execution\state\statement\ForState.java
G:\facultate\ALK\java-semantics\src\main\java\execution\state\statement\IfStmtState.java
G:\facultate\ALK\java-semantics\src\main\java\execution\state\statement\MethodCallState.java
G:\facultate\ALK\java-semantics\src\main\java\execution\state\statement\MinusMinusStmtState.java
G:\facultate\ALK\java-semantics\src\main\java\execution\state\statement\PlusPlusStmtState.java
G:\facultate\ALK\java-semantics\src\main\java\execution\state\statement\RepeatUntilState.java
G:\facultate\ALK\java-semantics\src\main\java\execution\state\statement\StmtMinusMinusState.java
G:\facultate\ALK\java-semantics\src\main\java\execution\state\statement\StmtPlusPlusState.java
G:\facultate\ALK\java-semantics\src\main\java\execution\state\statement\SuccessState.java
G:\facultate\ALK\java-semantics\src\main\java\execution\state\statement\ToAssignmentStmtState.java
G:\facultate\ALK\java-semantics\src\main\java\execution\state\statement\ToChooseStmtState.java
G:\facultate\ALK\java-semantics\src\main\java\execution\state\statement\ToDoWhileState.java
G:\facultate\ALK\java-semantics\src\main\java\execution\state\statement\ToForAllState.java
G:\facultate\ALK\java-semantics\src\main\java\execution\state\statement\ToIncreaseDecreaseState.java
G:\facultate\ALK\java-semantics\src\main\java\execution\state\statement\ToRepeatState.java
G:\facultate\ALK\java-semantics\src\main\java\execution\state\statement\WhileState.java
G:\facultate\ALK\java-semantics\src\main\java\execution\state\structure\ComponentDefinitionState.java
G:\facultate\ALK\java-semantics\src\main\java\execution\state\structure\EmptyListState.java
G:\facultate\ALK\java-semantics\src\main\java\execution\state\structure\EmptySetState.java
G:\facultate\ALK\java-semantics\src\main\java\execution\state\structure\FilterSpecDefinitionState.java
G:\facultate\ALK\java-semantics\src\main\java\execution\state\structure\IntervalDefinitionState.java
G:\facultate\ALK\java-semantics\src\main\java\execution\state\structure\IterableWithExpressionsState.java
G:\facultate\ALK\java-semantics\src\main\java\execution\state\structure\IterableWithIntervalState.java
G:\facultate\ALK\java-semantics\src\main\java\execution\state\structure\IterableWithSpecState.java
G:\facultate\ALK\java-semantics\src\main\java\execution\state\structure\MapSpecDefinitionState.java
G:\facultate\ALK\java-semantics\src\main\java\execution\state\structure\StructureWithComponentsState.java
G:\facultate\ALK\java-semantics\src\main\java\execution\types\alkArray\AlkArray.java
G:\facultate\ALK\java-semantics\src\main\java\execution\types\alkBool\AlkBool.java
G:\facultate\ALK\java-semantics\src\main\java\execution\types\AlkComparable.java
G:\facultate\ALK\java-semantics\src\main\java\execution\types\alkFloat\AdditiveFloatHelper.java
G:\facultate\ALK\java-semantics\src\main\java\execution\types\alkFloat\AlkFloat.java
G:\facultate\ALK\java-semantics\src\main\java\execution\types\alkFloat\EqualityFloatHelper.java
G:\facultate\ALK\java-semantics\src\main\java\execution\types\alkFloat\MultiplicativeFloatHelper.java
G:\facultate\ALK\java-semantics\src\main\java\execution\types\alkFloat\RelationalFloatHelper.java
G:\facultate\ALK\java-semantics\src\main\java\execution\types\alkFloat\UnaryFloatHelper.java
G:\facultate\ALK\java-semantics\src\main\java\execution\types\alkInt\AdditiveIntHelper.java
G:\facultate\ALK\java-semantics\src\main\java\execution\types\alkInt\AlkInt.java
G:\facultate\ALK\java-semantics\src\main\java\execution\types\alkInt\BitwiseIntHelper.java
G:\facultate\ALK\java-semantics\src\main\java\execution\types\alkInt\EqualityIntHelper.java
G:\facultate\ALK\java-semantics\src\main\java\execution\types\alkInt\MultiplicativeIntHelper.java
G:\facultate\ALK\java-semantics\src\main\java\execution\types\alkInt\PrefixIntHelper.java
G:\facultate\ALK\java-semantics\src\main\java\execution\types\alkInt\RelationalIntHelper.java
G:\facultate\ALK\java-semantics\src\main\java\execution\types\alkInt\ShiftIntHelper.java
G:\facultate\ALK\java-semantics\src\main\java\execution\types\alkInt\UnaryIntHelper.java
G:\facultate\ALK\java-semantics\src\main\java\execution\types\AlkIterableValue.java
G:\facultate\ALK\java-semantics\src\main\java\execution\types\alkIterator\AlkIterator.java
G:\facultate\ALK\java-semantics\src\main\java\execution\types\alkList\AlkList.java
G:\facultate\ALK\java-semantics\src\main\java\execution\types\alkList\FunctionListHelper.java
G:\facultate\ALK\java-semantics\src\main\java\execution\types\alkNotAValue\AlkNotAValue.java
G:\facultate\ALK\java-semantics\src\main\java\execution\types\alkSet\AlkSet.java
G:\facultate\ALK\java-semantics\src\main\java\execution\types\alkString\AlkString.java
G:\facultate\ALK\java-semantics\src\main\java\execution\types\alkStructure\AlkStructure.java
G:\facultate\ALK\java-semantics\src\main\java\execution\types\AlkValue.java
G:\facultate\ALK\java-semantics\src\main\java\execution\types\BaseValue.java
G:\facultate\ALK\java-semantics\src\main\java\execution\VisitorFactory.java
G:\facultate\ALK\java-semantics\src\main\java\grammar\alkBaseVisitor.java
G:\facultate\ALK\java-semantics\src\main\java\grammar\alkLexer.java
G:\facultate\ALK\java-semantics\src\main\java\grammar\alkParser.java
G:\facultate\ALK\java-semantics\src\main\java\grammar\alkVisitor.java
G:\facultate\ALK\java-semantics\src\main\java\io\AlkConsole.java
G:\facultate\ALK\java-semantics\src\main\java\io\BufferedIOWrapper.java
G:\facultate\ALK\java-semantics\src\main\java\io\IOManager.java
G:\facultate\ALK\java-semantics\src\main\java\io\Reader.java
G:\facultate\ALK\java-semantics\src\main\java\io\Writer.java
G:\facultate\ALK\java-semantics\src\main\java\main\ExecutionDriver.java
G:\facultate\ALK\java-semantics\src\main\java\main\ExpressionDriver.java
G:\facultate\ALK\java-semantics\src\main\java\main\Main.java
G:\facultate\ALK\java-semantics\src\main\java\main\SymbolicExpressionDriver.java
G:\facultate\ALK\java-semantics\src\main\java\preprocessing\PreProcessing.java
G:\facultate\ALK\java-semantics\src\main\java\preprocessing\visitors\PreMainVisitor.java
G:\facultate\ALK\java-semantics\src\main\java\symbolic\CPPair.java
G:\facultate\ALK\java-semantics\src\main\java\symbolic\CPValue.java
G:\facultate\ALK\java-semantics\src\main\java\symbolic\OverdefinedValue.java
G:\facultate\ALK\java-semantics\src\main\java\symbolic\SymbolicValue.java
G:\facultate\ALK\java-semantics\src\main\java\symbolic\SymbolicValueIface.java
G:\facultate\ALK\java-semantics\src\main\java\symbolic\UndefinedValue.java
G:\facultate\ALK\java-semantics\src\main\java\util\AlgorithmTypeDetector.java
G:\facultate\ALK\java-semantics\src\main\java\util\Configuration.java
G:\facultate\ALK\java-semantics\src\main\java\util\CustomProxy.java
G:\facultate\ALK\java-semantics\src\main\java\util\ErrorManager.java
G:\facultate\ALK\java-semantics\src\main\java\util\exception\AlkFatalException.java
G:\facultate\ALK\java-semantics\src\main\java\util\exception\AlkIOException.java
G:\facultate\ALK\java-semantics\src\main\java\util\exception\AlkParseException.java
G:\facultate\ALK\java-semantics\src\main\java\util\exception\InternalException.java
G:\facultate\ALK\java-semantics\src\main\java\util\exception\InternalWarning.java
G:\facultate\ALK\java-semantics\src\main\java\util\exception\OnlyMetaException.java
G:\facultate\ALK\java-semantics\src\main\java\util\exception\UnimplementedException.java
G:\facultate\ALK\java-semantics\src\main\java\util\Expression.java
G:\facultate\ALK\java-semantics\src\main\java\util\FuncManager.java
G:\facultate\ALK\java-semantics\src\main\java\util\functions\BuiltInFunction.java
G:\facultate\ALK\java-semantics\src\main\java\util\functions\BuiltInMethod.java
G:\facultate\ALK\java-semantics\src\main\java\util\functions\Functions.java
G:\facultate\ALK\java-semantics\src\main\java\util\functions\Methods.java
G:\facultate\ALK\java-semantics\src\main\java\util\functions\Parameter.java
G:\facultate\ALK\java-semantics\src\main\java\util\functions\ParamHelper.java
G:\facultate\ALK\java-semantics\src\main\java\util\Invoker.java
G:\facultate\ALK\java-semantics\src\main\java\util\lambda\Evaluator.java
G:\facultate\ALK\java-semantics\src\main\java\util\lambda\LocationGenerator.java
G:\facultate\ALK\java-semantics\src\main\java\util\lambda\Runner.java
G:\facultate\ALK\java-semantics\src\main\java\util\lambda\Validator.java
G:\facultate\ALK\java-semantics\src\main\java\util\OptionProvider.java
G:\facultate\ALK\java-semantics\src\main\java\util\Pair.java
G:\facultate\ALK\java-semantics\src\main\java\util\ProbabilityComputer.java
G:\facultate\ALK\java-semantics\src\main\java\util\types\ComponentValue.java
G:\facultate\ALK\java-semantics\src\main\java\util\types\IntervalValue.java
G:\facultate\ALK\java-semantics\src\main\java\util\types\Value.java
G:\facultate\ALK\java-semantics\src\main\java\visitor\BasicExpressionInterpreter.java
G:\facultate\ALK\java-semantics\src\main\java\visitor\CompoundValueRepresentation.java
G:\facultate\ALK\java-semantics\src\main\java\visitor\CPExpressionInterpreter.java
G:\facultate\ALK\java-semantics\src\main\java\visitor\ExpressionEvaluator.java
G:\facultate\ALK\java-semantics\src\main\java\visitor\ExpressionInterpreter.java
G:\facultate\ALK\java-semantics\src\main\java\visitor\ExpressionVisitor.java
G:\facultate\ALK\java-semantics\src\main\java\visitor\ExpressionVisitorIface.java
G:\facultate\ALK\java-semantics\src\main\java\visitor\ifaces\expr\AdditiveVisitorIface.java
G:\facultate\ALK\java-semantics\src\main\java\visitor\ifaces\expr\ArrayVisitorIface.java
G:\facultate\ALK\java-semantics\src\main\java\visitor\ifaces\expr\BitwiseAndVisitorIface.java
G:\facultate\ALK\java-semantics\src\main\java\visitor\ifaces\expr\BitwiseOrVisitorIface.java
G:\facultate\ALK\java-semantics\src\main\java\visitor\ifaces\expr\BoolVisitorIface.java
G:\facultate\ALK\java-semantics\src\main\java\visitor\ifaces\expr\BracketVisitorIface.java
G:\facultate\ALK\java-semantics\src\main\java\visitor\ifaces\expr\ComponentVisitorIface.java
G:\facultate\ALK\java-semantics\src\main\java\visitor\ifaces\expr\ConditionalExprVisitorIface.java
G:\facultate\ALK\java-semantics\src\main\java\visitor\ifaces\expr\EqualityVisitorIface.java
G:\facultate\ALK\java-semantics\src\main\java\visitor\ifaces\expr\FloatVisitorIface.java
G:\facultate\ALK\java-semantics\src\main\java\visitor\ifaces\expr\InExprVisitorIface.java
G:\facultate\ALK\java-semantics\src\main\java\visitor\ifaces\expr\IntVisitorIface.java
G:\facultate\ALK\java-semantics\src\main\java\visitor\ifaces\expr\ListVisitorIface.java
G:\facultate\ALK\java-semantics\src\main\java\visitor\ifaces\expr\LogicalAndVisitorIface.java
G:\facultate\ALK\java-semantics\src\main\java\visitor\ifaces\expr\LogicalOrVisitorIface.java
G:\facultate\ALK\java-semantics\src\main\java\visitor\ifaces\expr\MultiplicativeVisitorIface.java
G:\facultate\ALK\java-semantics\src\main\java\visitor\ifaces\expr\PostfixVisitorIface.java
G:\facultate\ALK\java-semantics\src\main\java\visitor\ifaces\expr\PrefixVisitorIface.java
G:\facultate\ALK\java-semantics\src\main\java\visitor\ifaces\expr\RefIDVisitorIface.java
G:\facultate\ALK\java-semantics\src\main\java\visitor\ifaces\expr\RelationalVisitorIface.java
G:\facultate\ALK\java-semantics\src\main\java\visitor\ifaces\expr\SetExprVisitorIface.java
G:\facultate\ALK\java-semantics\src\main\java\visitor\ifaces\expr\SetVisitorIface.java
G:\facultate\ALK\java-semantics\src\main\java\visitor\ifaces\expr\ShiftVisitorIface.java
G:\facultate\ALK\java-semantics\src\main\java\visitor\ifaces\expr\StringVisitorIface.java
G:\facultate\ALK\java-semantics\src\main\java\visitor\ifaces\expr\StructVisitorIface.java
G:\facultate\ALK\java-semantics\src\main\java\visitor\ifaces\expr\UnaryVisitorIface.java
G:\facultate\ALK\java-semantics\src\main\java\visitor\InterpreterHelper.java
G:\facultate\ALK\java-semantics\src\main\java\visitor\Operator.java
G:\facultate\ALK\java-semantics\src\main\java\visitor\OperatorHelper.java
G:\facultate\ALK\java-semantics\src\main\java\visitor\ParseTreeExprVisitor.java
G:\facultate\ALK\java-semantics\src\main\java\visitor\Primitive.java
G:\facultate\ALK\java-semantics\src\main\java\visitor\RequiresGenerator.java
G:\facultate\ALK\java-semantics\src\main\java\visitor\SymbolicExpressionEvaluator.java
G:\facultate\ALK\java-semantics\src\main\java\visitor\SymbolicExpressionInterpreter.java
G:\facultate\ALK\java-semantics\src\main\java\visitor\Visitable.java
G:\facultate\ALK\java-semantics\src\main\java\visitor\VisitorIface.java
